17.04.2012 18:40:48 [0] INFO root date_time.run = 17.04.2012 18:40:47
17.04.2012 18:40:48 [0] INFO root grid.buffer = 2
17.04.2012 18:40:48 [0] INFO root max.x = 99
17.04.2012 18:40:48 [0] INFO root max.y = 99
17.04.2012 18:40:48 [0] INFO root min.x = -100
17.04.2012 18:40:48 [0] INFO root min.y = -100
17.04.2012 18:40:48 [0] INFO root persons.file = ../../MRSA Inputs/subsets/60615/60615_people_sample.csv
17.04.2012 18:40:48 [0] INFO root places.file = ../../MRSA Inputs/subsets/60615/60615_places_sample.csv
17.04.2012 18:40:48 [0] INFO root proc.per.x = 1
17.04.2012 18:40:48 [0] INFO root proc.per.y = 1
17.04.2012 18:40:48 [0] INFO root process.count = 1
17.04.2012 18:40:48 [0] INFO root run.time = 1.39273
17.04.2012 18:40:48 [0] INFO root stop.at = 1
18.04.2012 09:36:56 [0] INFO root date_time.run = 18.04.2012 09:36:55
18.04.2012 09:36:56 [0] INFO root grid.buffer = 2
18.04.2012 09:36:56 [0] INFO root max.x = 99
18.04.2012 09:36:56 [0] INFO root max.y = 99
18.04.2012 09:36:56 [0] INFO root min.x = -100
18.04.2012 09:36:56 [0] INFO root min.y = -100
18.04.2012 09:36:56 [0] INFO root persons.file = ../../MRSA Inputs/subsets/60615/60615_people_sample.csv
18.04.2012 09:36:56 [0] INFO root places.file = ../../MRSA Inputs/subsets/60615/60615_places_sample.csv
18.04.2012 09:36:56 [0] INFO root proc.per.x = 1
18.04.2012 09:36:56 [0] INFO root proc.per.y = 1
18.04.2012 09:36:56 [0] INFO root process.count = 1
18.04.2012 09:36:56 [0] INFO root run.time = 1.44529
18.04.2012 09:36:56 [0] INFO root stop.at = 1
18.04.2012 09:37:32 [0] INFO root date_time.run = 18.04.2012 09:37:31
18.04.2012 09:37:32 [0] INFO root grid.buffer = 2
18.04.2012 09:37:32 [0] INFO root max.x = 99
18.04.2012 09:37:32 [0] INFO root max.y = 99
18.04.2012 09:37:32 [0] INFO root min.x = -100
18.04.2012 09:37:32 [0] INFO root min.y = -100
18.04.2012 09:37:32 [0] INFO root persons.file = ../../MRSA Inputs/subsets/60615/60615_people_sample.csv
18.04.2012 09:37:32 [0] INFO root places.file = ../../MRSA Inputs/subsets/60615/60615_places_sample.csv
18.04.2012 09:37:32 [0] INFO root proc.per.x = 1
18.04.2012 09:37:32 [0] INFO root proc.per.y = 1
18.04.2012 09:37:32 [0] INFO root process.count = 1
18.04.2012 09:37:32 [0] INFO root run.time = 1.38867
18.04.2012 09:37:32 [0] INFO root stop.at = 1
18.04.2012 09:39:08 [0] INFO root date_time.run = 18.04.2012 09:39:07
18.04.2012 09:39:08 [0] INFO root grid.buffer = 2
18.04.2012 09:39:08 [0] INFO root max.x = 99
18.04.2012 09:39:08 [0] INFO root max.y = 99
18.04.2012 09:39:08 [0] INFO root min.x = -100
18.04.2012 09:39:08 [0] INFO root min.y = -100
18.04.2012 09:39:08 [0] INFO root persons.file = ../../MRSA Inputs/subsets/60615/60615_people_sample.csv
18.04.2012 09:39:08 [0] INFO root places.file = ../../MRSA Inputs/subsets/60615/60615_places_sample.csv
18.04.2012 09:39:08 [0] INFO root proc.per.x = 1
18.04.2012 09:39:08 [0] INFO root proc.per.y = 1
18.04.2012 09:39:08 [0] INFO root process.count = 1
18.04.2012 09:39:08 [0] INFO root run.time = 1.41546
18.04.2012 09:39:08 [0] INFO root stop.at = 1
18.04.2012 09:42:27 [0] INFO root date_time.run = 18.04.2012 09:42:25
18.04.2012 09:42:27 [0] INFO root grid.buffer = 2
18.04.2012 09:42:27 [0] INFO root max.x = 99
18.04.2012 09:42:27 [0] INFO root max.y = 99
18.04.2012 09:42:27 [0] INFO root min.x = -100
18.04.2012 09:42:27 [0] INFO root min.y = -100
18.04.2012 09:42:27 [0] INFO root persons.file = ../../MRSA Inputs/subsets/60615/60615_people_sample.csv
18.04.2012 09:42:27 [0] INFO root places.file = ../../MRSA Inputs/subsets/60615/60615_places_sample.csv
18.04.2012 09:42:27 [0] INFO root proc.per.x = 1
18.04.2012 09:42:27 [0] INFO root proc.per.y = 1
18.04.2012 09:42:27 [0] INFO root process.count = 1
18.04.2012 09:42:27 [0] INFO root run.time = 1.40831
18.04.2012 09:42:27 [0] INFO root stop.at = 1
18.04.2012 09:53:16 [0] INFO root date_time.run = 18.04.2012 09:53:14
18.04.2012 09:53:16 [0] INFO root grid.buffer = 2
18.04.2012 09:53:16 [0] INFO root max.x = 99
18.04.2012 09:53:16 [0] INFO root max.y = 99
18.04.2012 09:53:16 [0] INFO root min.x = -100
18.04.2012 09:53:16 [0] INFO root min.y = -100
18.04.2012 09:53:16 [0] INFO root persons.file = ../../MRSA Inputs/subsets/60615/60615_people_sample.csv
18.04.2012 09:53:16 [0] INFO root places.file = ../../MRSA Inputs/subsets/60615/60615_places_sample.csv
18.04.2012 09:53:16 [0] INFO root proc.per.x = 1
18.04.2012 09:53:16 [0] INFO root proc.per.y = 1
18.04.2012 09:53:16 [0] INFO root process.count = 1
18.04.2012 09:53:16 [0] INFO root run.time = 1.44175
18.04.2012 09:53:16 [0] INFO root stop.at = 1
18.04.2012 11:23:12 [0] INFO root activities.file = ../../MRSA Inputs/subsets/60615/60615_activities_sample.csv
18.04.2012 11:23:12 [0] INFO root date_time.run = 18.04.2012 11:23:11
18.04.2012 11:23:12 [0] INFO root grid.buffer = 2
18.04.2012 11:23:12 [0] INFO root max.x = 99
18.04.2012 11:23:12 [0] INFO root max.y = 99
18.04.2012 11:23:12 [0] INFO root min.x = -100
18.04.2012 11:23:12 [0] INFO root min.y = -100
18.04.2012 11:23:12 [0] INFO root persons.file = ../../MRSA Inputs/subsets/60615/60615_people_sample.csv
18.04.2012 11:23:12 [0] INFO root places.file = ../../MRSA Inputs/subsets/60615/60615_places_sample.csv
18.04.2012 11:23:12 [0] INFO root proc.per.x = 1
18.04.2012 11:23:12 [0] INFO root proc.per.y = 1
18.04.2012 11:23:12 [0] INFO root process.count = 1
18.04.2012 11:23:12 [0] INFO root run.time = 1.41418
18.04.2012 11:23:12 [0] INFO root stop.at = 1
18.04.2012 11:23:53 [0] INFO root activities.file = ../../MRSA Inputs/subsets/60615/60615_activities_sample.csv
18.04.2012 11:23:53 [0] INFO root date_time.run = 18.04.2012 11:23:52
18.04.2012 11:23:53 [0] INFO root grid.buffer = 2
18.04.2012 11:23:53 [0] INFO root max.x = 99
18.04.2012 11:23:53 [0] INFO root max.y = 99
18.04.2012 11:23:53 [0] INFO root min.x = -100
18.04.2012 11:23:53 [0] INFO root min.y = -100
18.04.2012 11:23:53 [0] INFO root persons.file = ../../MRSA Inputs/subsets/60615/60615_people_sample.csv
18.04.2012 11:23:53 [0] INFO root places.file = ../../MRSA Inputs/subsets/60615/60615_places_sample.csv
18.04.2012 11:23:53 [0] INFO root proc.per.x = 1
18.04.2012 11:23:53 [0] INFO root proc.per.y = 1
18.04.2012 11:23:53 [0] INFO root process.count = 1
18.04.2012 11:23:53 [0] INFO root run.time = 1.39879
18.04.2012 11:23:53 [0] INFO root stop.at = 1
18.04.2012 11:26:19 [0] INFO root activities.file = ../../MRSA Inputs/subsets/60615/60615_activities_sample.csv
18.04.2012 11:26:19 [0] INFO root date_time.run = 18.04.2012 11:26:17
18.04.2012 11:26:19 [0] INFO root grid.buffer = 2
18.04.2012 11:26:19 [0] INFO root max.x = 99
18.04.2012 11:26:19 [0] INFO root max.y = 99
18.04.2012 11:26:19 [0] INFO root min.x = -100
18.04.2012 11:26:19 [0] INFO root min.y = -100
18.04.2012 11:26:19 [0] INFO root persons.file = ../../MRSA Inputs/subsets/60615/60615_people_sample.csv
18.04.2012 11:26:19 [0] INFO root places.file = ../../MRSA Inputs/subsets/60615/60615_places_sample.csv
18.04.2012 11:26:19 [0] INFO root proc.per.x = 1
18.04.2012 11:26:19 [0] INFO root proc.per.y = 1
18.04.2012 11:26:19 [0] INFO root process.count = 1
18.04.2012 11:26:19 [0] INFO root run.time = 1.4227
18.04.2012 11:26:19 [0] INFO root stop.at = 1
18.04.2012 11:29:08 [0] INFO root activities.file = ../../MRSA Inputs/subsets/60615/60615_activities_sample.csv
18.04.2012 11:29:08 [0] INFO root date_time.run = 18.04.2012 11:29:06
18.04.2012 11:29:08 [0] INFO root grid.buffer = 2
18.04.2012 11:29:08 [0] INFO root max.x = 99
18.04.2012 11:29:08 [0] INFO root max.y = 99
18.04.2012 11:29:08 [0] INFO root min.x = -100
18.04.2012 11:29:08 [0] INFO root min.y = -100
18.04.2012 11:29:08 [0] INFO root persons.file = ../../MRSA Inputs/subsets/60615/60615_people_sample.csv
18.04.2012 11:29:08 [0] INFO root places.file = ../../MRSA Inputs/subsets/60615/60615_places_sample.csv
18.04.2012 11:29:08 [0] INFO root proc.per.x = 1
18.04.2012 11:29:08 [0] INFO root proc.per.y = 1
18.04.2012 11:29:08 [0] INFO root process.count = 1
18.04.2012 11:29:08 [0] INFO root run.time = 1.40435
18.04.2012 11:29:08 [0] INFO root stop.at = 1
18.04.2012 11:32:37 [0] INFO root activities.file = ../../MRSA Inputs/subsets/60615/60615_activities_sample.csv
18.04.2012 11:32:37 [0] INFO root date_time.run = 18.04.2012 11:32:35
18.04.2012 11:32:37 [0] INFO root grid.buffer = 2
18.04.2012 11:32:37 [0] INFO root max.x = 99
18.04.2012 11:32:37 [0] INFO root max.y = 99
18.04.2012 11:32:37 [0] INFO root min.x = -100
18.04.2012 11:32:37 [0] INFO root min.y = -100
18.04.2012 11:32:37 [0] INFO root persons.file = ../../MRSA Inputs/subsets/60615/60615_people_sample.csv
18.04.2012 11:32:37 [0] INFO root places.file = ../../MRSA Inputs/subsets/60615/60615_places_sample.csv
18.04.2012 11:32:37 [0] INFO root proc.per.x = 1
18.04.2012 11:32:37 [0] INFO root proc.per.y = 1
18.04.2012 11:32:37 [0] INFO root process.count = 1
18.04.2012 11:32:37 [0] INFO root run.time = 1.51628
18.04.2012 11:32:37 [0] INFO root stop.at = 1
18.04.2012 11:35:40 [0] INFO root activities.file = ../../MRSA Inputs/subsets/60615/60615_activities_sample.csv
18.04.2012 11:35:40 [0] INFO root date_time.run = 18.04.2012 11:35:39
18.04.2012 11:35:40 [0] INFO root grid.buffer = 2
18.04.2012 11:35:40 [0] INFO root max.x = 99
18.04.2012 11:35:40 [0] INFO root max.y = 99
18.04.2012 11:35:40 [0] INFO root min.x = -100
18.04.2012 11:35:40 [0] INFO root min.y = -100
18.04.2012 11:35:40 [0] INFO root persons.file = ../../MRSA Inputs/subsets/60615/60615_people_sample.csv
18.04.2012 11:35:40 [0] INFO root places.file = ../../MRSA Inputs/subsets/60615/60615_places_sample.csv
18.04.2012 11:35:40 [0] INFO root proc.per.x = 1
18.04.2012 11:35:40 [0] INFO root proc.per.y = 1
18.04.2012 11:35:40 [0] INFO root process.count = 1
18.04.2012 11:35:40 [0] INFO root run.time = 1.56535
18.04.2012 11:35:40 [0] INFO root stop.at = 1
18.04.2012 11:36:57 [0] INFO root activities.file = ../../MRSA Inputs/subsets/60615/60615_activities_sample.csv
18.04.2012 11:36:57 [0] INFO root date_time.run = 18.04.2012 11:36:56
18.04.2012 11:36:57 [0] INFO root grid.buffer = 2
18.04.2012 11:36:57 [0] INFO root max.x = 99
18.04.2012 11:36:57 [0] INFO root max.y = 99
18.04.2012 11:36:57 [0] INFO root min.x = -100
18.04.2012 11:36:57 [0] INFO root min.y = -100
18.04.2012 11:36:57 [0] INFO root persons.file = ../../MRSA Inputs/subsets/60615/60615_people_sample.csv
18.04.2012 11:36:57 [0] INFO root places.file = ../../MRSA Inputs/subsets/60615/60615_places_sample.csv
18.04.2012 11:36:57 [0] INFO root proc.per.x = 1
18.04.2012 11:36:57 [0] INFO root proc.per.y = 1
18.04.2012 11:36:57 [0] INFO root process.count = 1
18.04.2012 11:36:57 [0] INFO root run.time = 1.56132
18.04.2012 11:36:57 [0] INFO root stop.at = 1
18.04.2012 11:37:42 [0] INFO root activities.file = ../../MRSA Inputs/subsets/60615/60615_activities_sample.csv
18.04.2012 11:37:42 [0] INFO root date_time.run = 18.04.2012 11:37:41
18.04.2012 11:37:42 [0] INFO root grid.buffer = 2
18.04.2012 11:37:42 [0] INFO root max.x = 99
18.04.2012 11:37:42 [0] INFO root max.y = 99
18.04.2012 11:37:42 [0] INFO root min.x = -100
18.04.2012 11:37:42 [0] INFO root min.y = -100
18.04.2012 11:37:42 [0] INFO root persons.file = ../../MRSA Inputs/subsets/60615/60615_people_sample.csv
18.04.2012 11:37:42 [0] INFO root places.file = ../../MRSA Inputs/subsets/60615/60615_places_sample.csv
18.04.2012 11:37:42 [0] INFO root proc.per.x = 1
18.04.2012 11:37:42 [0] INFO root proc.per.y = 1
18.04.2012 11:37:42 [0] INFO root process.count = 1
18.04.2012 11:37:42 [0] INFO root run.time = 1.57734
18.04.2012 11:37:42 [0] INFO root stop.at = 1
18.04.2012 11:39:34 [0] INFO root activities.file = ../../MRSA Inputs/subsets/60615/60615_activities_sample.csv
18.04.2012 11:39:34 [0] INFO root date_time.run = 18.04.2012 11:39:33
18.04.2012 11:39:34 [0] INFO root grid.buffer = 2
18.04.2012 11:39:34 [0] INFO root max.x = 99
18.04.2012 11:39:34 [0] INFO root max.y = 99
18.04.2012 11:39:34 [0] INFO root min.x = -100
18.04.2012 11:39:34 [0] INFO root min.y = -100
18.04.2012 11:39:34 [0] INFO root persons.file = ../../MRSA Inputs/subsets/60615/60615_people_sample.csv
18.04.2012 11:39:34 [0] INFO root places.file = ../../MRSA Inputs/subsets/60615/60615_places_sample.csv
18.04.2012 11:39:34 [0] INFO root proc.per.x = 1
18.04.2012 11:39:34 [0] INFO root proc.per.y = 1
18.04.2012 11:39:34 [0] INFO root process.count = 1
18.04.2012 11:39:34 [0] INFO root run.time = 1.61105
18.04.2012 11:39:34 [0] INFO root stop.at = 1
18.04.2012 11:55:18 [0] INFO root activities.file = ../../MRSA Inputs/subsets/60615/60615_activities_sample.csv
18.04.2012 11:55:18 [0] INFO root date_time.run = 18.04.2012 11:55:17
18.04.2012 11:55:18 [0] INFO root grid.buffer = 2
18.04.2012 11:55:18 [0] INFO root max.x = 99
18.04.2012 11:55:18 [0] INFO root max.y = 99
18.04.2012 11:55:18 [0] INFO root min.x = -100
18.04.2012 11:55:18 [0] INFO root min.y = -100
18.04.2012 11:55:18 [0] INFO root persons.file = ../../MRSA Inputs/subsets/60615/60615_people_sample.csv
18.04.2012 11:55:18 [0] INFO root places.file = ../../MRSA Inputs/subsets/60615/60615_places_sample.csv
18.04.2012 11:55:18 [0] INFO root proc.per.x = 1
18.04.2012 11:55:18 [0] INFO root proc.per.y = 1
18.04.2012 11:55:18 [0] INFO root process.count = 1
18.04.2012 11:55:18 [0] INFO root run.time = 1.61066
18.04.2012 11:55:18 [0] INFO root stop.at = 1
18.04.2012 11:58:49 [0] INFO root activities.file = ../../MRSA Inputs/subsets/60615/60615_activities_sample.csv
18.04.2012 11:58:49 [0] INFO root date_time.run = 18.04.2012 11:58:48
18.04.2012 11:58:49 [0] INFO root grid.buffer = 2
18.04.2012 11:58:49 [0] INFO root max.x = 99
18.04.2012 11:58:49 [0] INFO root max.y = 99
18.04.2012 11:58:49 [0] INFO root min.x = -100
18.04.2012 11:58:49 [0] INFO root min.y = -100
18.04.2012 11:58:49 [0] INFO root persons.file = ../../MRSA Inputs/subsets/60615/60615_people_sample.csv
18.04.2012 11:58:49 [0] INFO root places.file = ../../MRSA Inputs/subsets/60615/60615_places_sample.csv
18.04.2012 11:58:49 [0] INFO root proc.per.x = 1
18.04.2012 11:58:49 [0] INFO root proc.per.y = 1
18.04.2012 11:58:49 [0] INFO root process.count = 1
18.04.2012 11:58:49 [0] INFO root run.time = 1.6343
18.04.2012 11:58:49 [0] INFO root stop.at = 1
18.04.2012 11:59:33 [0] INFO root activities.file = ../../MRSA Inputs/subsets/60615/60615_activities_sample.csv
18.04.2012 11:59:33 [0] INFO root date_time.run = 18.04.2012 11:59:31
18.04.2012 11:59:33 [0] INFO root grid.buffer = 2
18.04.2012 11:59:33 [0] INFO root max.x = 99
18.04.2012 11:59:33 [0] INFO root max.y = 99
18.04.2012 11:59:33 [0] INFO root min.x = -100
18.04.2012 11:59:33 [0] INFO root min.y = -100
18.04.2012 11:59:33 [0] INFO root persons.file = ../../MRSA Inputs/subsets/60615/60615_people_sample.csv
18.04.2012 11:59:33 [0] INFO root places.file = ../../MRSA Inputs/subsets/60615/60615_places_sample.csv
18.04.2012 11:59:33 [0] INFO root proc.per.x = 1
18.04.2012 11:59:33 [0] INFO root proc.per.y = 1
18.04.2012 11:59:33 [0] INFO root process.count = 1
18.04.2012 11:59:33 [0] INFO root run.time = 1.62148
18.04.2012 11:59:33 [0] INFO root stop.at = 1
18.04.2012 11:59:40 [0] INFO root activities.file = ../../MRSA Inputs/subsets/60615/60615_activities_sample.csv
18.04.2012 11:59:40 [0] INFO root date_time.run = 18.04.2012 11:59:39
18.04.2012 11:59:40 [0] INFO root grid.buffer = 2
18.04.2012 11:59:40 [0] INFO root max.x = 99
18.04.2012 11:59:40 [0] INFO root max.y = 99
18.04.2012 11:59:40 [0] INFO root min.x = -100
18.04.2012 11:59:40 [0] INFO root min.y = -100
18.04.2012 11:59:40 [0] INFO root persons.file = ../../MRSA Inputs/subsets/60615/60615_people_sample.csv
18.04.2012 11:59:40 [0] INFO root places.file = ../../MRSA Inputs/subsets/60615/60615_places_sample.csv
18.04.2012 11:59:40 [0] INFO root proc.per.x = 1
18.04.2012 11:59:40 [0] INFO root proc.per.y = 1
18.04.2012 11:59:40 [0] INFO root process.count = 1
18.04.2012 11:59:40 [0] INFO root run.time = 1.62688
18.04.2012 11:59:40 [0] INFO root stop.at = 1
18.04.2012 11:59:44 [0] INFO root activities.file = ../../MRSA Inputs/subsets/60615/60615_activities_sample.csv
18.04.2012 11:59:44 [0] INFO root date_time.run = 18.04.2012 11:59:43
18.04.2012 11:59:44 [0] INFO root grid.buffer = 2
18.04.2012 11:59:44 [0] INFO root max.x = 99
18.04.2012 11:59:44 [0] INFO root max.y = 99
18.04.2012 11:59:44 [0] INFO root min.x = -100
18.04.2012 11:59:44 [0] INFO root min.y = -100
18.04.2012 11:59:44 [0] INFO root persons.file = ../../MRSA Inputs/subsets/60615/60615_people_sample.csv
18.04.2012 11:59:44 [0] INFO root places.file = ../../MRSA Inputs/subsets/60615/60615_places_sample.csv
18.04.2012 11:59:44 [0] INFO root proc.per.x = 1
18.04.2012 11:59:44 [0] INFO root proc.per.y = 1
18.04.2012 11:59:44 [0] INFO root process.count = 1
18.04.2012 11:59:44 [0] INFO root run.time = 1.60911
18.04.2012 11:59:44 [0] INFO root stop.at = 1
18.04.2012 11:59:50 [0] INFO root activities.file = ../../MRSA Inputs/subsets/60615/60615_activities_sample.csv
18.04.2012 11:59:50 [0] INFO root date_time.run = 18.04.2012 11:59:48
18.04.2012 11:59:50 [0] INFO root grid.buffer = 2
18.04.2012 11:59:50 [0] INFO root max.x = 99
18.04.2012 11:59:50 [0] INFO root max.y = 99
18.04.2012 11:59:50 [0] INFO root min.x = -100
18.04.2012 11:59:50 [0] INFO root min.y = -100
18.04.2012 11:59:50 [0] INFO root persons.file = ../../MRSA Inputs/subsets/60615/60615_people_sample.csv
18.04.2012 11:59:50 [0] INFO root places.file = ../../MRSA Inputs/subsets/60615/60615_places_sample.csv
18.04.2012 11:59:50 [0] INFO root proc.per.x = 1
18.04.2012 11:59:50 [0] INFO root proc.per.y = 1
18.04.2012 11:59:50 [0] INFO root process.count = 1
18.04.2012 11:59:50 [0] INFO root run.time = 1.59986
18.04.2012 11:59:50 [0] INFO root stop.at = 1
18.04.2012 12:00:11 [0] INFO root activities.file = ../../MRSA Inputs/subsets/60615/60615_activities_sample.csv
18.04.2012 12:00:11 [0] INFO root date_time.run = 18.04.2012 12:00:10
18.04.2012 12:00:11 [0] INFO root grid.buffer = 2
18.04.2012 12:00:11 [0] INFO root max.x = 99
18.04.2012 12:00:11 [0] INFO root max.y = 99
18.04.2012 12:00:11 [0] INFO root min.x = -100
18.04.2012 12:00:11 [0] INFO root min.y = -100
18.04.2012 12:00:11 [0] INFO root persons.file = ../../MRSA Inputs/subsets/60615/60615_people_sample.csv
18.04.2012 12:00:11 [0] INFO root places.file = ../../MRSA Inputs/subsets/60615/60615_places_sample.csv
18.04.2012 12:00:11 [0] INFO root proc.per.x = 1
18.04.2012 12:00:11 [0] INFO root proc.per.y = 1
18.04.2012 12:00:11 [0] INFO root process.count = 1
18.04.2012 12:00:11 [0] INFO root run.time = 1.60638
18.04.2012 12:00:11 [0] INFO root stop.at = 1
18.04.2012 12:00:25 [0] INFO root activities.file = ../../MRSA Inputs/subsets/60615/60615_activities_sample.csv
18.04.2012 12:00:25 [0] INFO root date_time.run = 18.04.2012 12:00:24
18.04.2012 12:00:25 [0] INFO root grid.buffer = 2
18.04.2012 12:00:25 [0] INFO root max.x = 99
18.04.2012 12:00:25 [0] INFO root max.y = 99
18.04.2012 12:00:25 [0] INFO root min.x = -100
18.04.2012 12:00:25 [0] INFO root min.y = -100
18.04.2012 12:00:25 [0] INFO root persons.file = ../../MRSA Inputs/subsets/60615/60615_people_sample.csv
18.04.2012 12:00:25 [0] INFO root places.file = ../../MRSA Inputs/subsets/60615/60615_places_sample.csv
18.04.2012 12:00:25 [0] INFO root proc.per.x = 1
18.04.2012 12:00:25 [0] INFO root proc.per.y = 1
18.04.2012 12:00:25 [0] INFO root process.count = 1
18.04.2012 12:00:25 [0] INFO root run.time = 1.63022
18.04.2012 12:00:25 [0] INFO root stop.at = 1
18.04.2012 12:00:28 [0] INFO root activities.file = ../../MRSA Inputs/subsets/60615/60615_activities_sample.csv
18.04.2012 12:00:28 [0] INFO root date_time.run = 18.04.2012 12:00:27
18.04.2012 12:00:28 [0] INFO root grid.buffer = 2
18.04.2012 12:00:28 [0] INFO root max.x = 99
18.04.2012 12:00:28 [0] INFO root max.y = 99
18.04.2012 12:00:28 [0] INFO root min.x = -100
18.04.2012 12:00:28 [0] INFO root min.y = -100
18.04.2012 12:00:28 [0] INFO root persons.file = ../../MRSA Inputs/subsets/60615/60615_people_sample.csv
18.04.2012 12:00:28 [0] INFO root places.file = ../../MRSA Inputs/subsets/60615/60615_places_sample.csv
18.04.2012 12:00:28 [0] INFO root proc.per.x = 1
18.04.2012 12:00:28 [0] INFO root proc.per.y = 1
18.04.2012 12:00:28 [0] INFO root process.count = 1
18.04.2012 12:00:28 [0] INFO root run.time = 1.63807
18.04.2012 12:00:28 [0] INFO root stop.at = 1
18.04.2012 12:00:59 [0] INFO root activities.file = ../../MRSA Inputs/subsets/60615/60615_activities_sample.csv
18.04.2012 12:00:59 [0] INFO root date_time.run = 18.04.2012 12:00:57
18.04.2012 12:00:59 [0] INFO root grid.buffer = 2
18.04.2012 12:00:59 [0] INFO root max.x = 99
18.04.2012 12:00:59 [0] INFO root max.y = 99
18.04.2012 12:00:59 [0] INFO root min.x = -100
18.04.2012 12:00:59 [0] INFO root min.y = -100
18.04.2012 12:00:59 [0] INFO root persons.file = ../../MRSA Inputs/subsets/60615/60615_people_sample.csv
18.04.2012 12:00:59 [0] INFO root places.file = ../../MRSA Inputs/subsets/60615/60615_places_sample.csv
18.04.2012 12:00:59 [0] INFO root proc.per.x = 1
18.04.2012 12:00:59 [0] INFO root proc.per.y = 1
18.04.2012 12:00:59 [0] INFO root process.count = 1
18.04.2012 12:00:59 [0] INFO root run.time = 1.60902
18.04.2012 12:00:59 [0] INFO root stop.at = 1
18.04.2012 12:01:05 [0] INFO root activities.file = ../../MRSA Inputs/subsets/60615/60615_activities_sample.csv
18.04.2012 12:01:05 [0] INFO root date_time.run = 18.04.2012 12:01:04
18.04.2012 12:01:05 [0] INFO root grid.buffer = 2
18.04.2012 12:01:05 [0] INFO root max.x = 99
18.04.2012 12:01:05 [0] INFO root max.y = 99
18.04.2012 12:01:05 [0] INFO root min.x = -100
18.04.2012 12:01:05 [0] INFO root min.y = -100
18.04.2012 12:01:05 [0] INFO root persons.file = ../../MRSA Inputs/subsets/60615/60615_people_sample.csv
18.04.2012 12:01:05 [0] INFO root places.file = ../../MRSA Inputs/subsets/60615/60615_places_sample.csv
18.04.2012 12:01:05 [0] INFO root proc.per.x = 1
18.04.2012 12:01:05 [0] INFO root proc.per.y = 1
18.04.2012 12:01:05 [0] INFO root process.count = 1
18.04.2012 12:01:05 [0] INFO root run.time = 1.5834
18.04.2012 12:01:05 [0] INFO root stop.at = 1
18.04.2012 12:01:40 [0] INFO root activities.file = ../../MRSA Inputs/subsets/60615/60615_activities_sample.csv
18.04.2012 12:01:40 [0] INFO root date_time.run = 18.04.2012 12:01:38
18.04.2012 12:01:40 [0] INFO root grid.buffer = 2
18.04.2012 12:01:40 [0] INFO root max.x = 99
18.04.2012 12:01:40 [0] INFO root max.y = 99
18.04.2012 12:01:40 [0] INFO root min.x = -100
18.04.2012 12:01:40 [0] INFO root min.y = -100
18.04.2012 12:01:40 [0] INFO root persons.file = ../../MRSA Inputs/subsets/60615/60615_people_sample.csv
18.04.2012 12:01:40 [0] INFO root places.file = ../../MRSA Inputs/subsets/60615/60615_places_sample.csv
18.04.2012 12:01:40 [0] INFO root proc.per.x = 1
18.04.2012 12:01:40 [0] INFO root proc.per.y = 1
18.04.2012 12:01:40 [0] INFO root process.count = 1
18.04.2012 12:01:40 [0] INFO root run.time = 1.58335
18.04.2012 12:01:40 [0] INFO root stop.at = 1
18.04.2012 12:01:43 [0] INFO root activities.file = ../../MRSA Inputs/subsets/60615/60615_activities_sample.csv
18.04.2012 12:01:43 [0] INFO root date_time.run = 18.04.2012 12:01:41
18.04.2012 12:01:43 [0] INFO root grid.buffer = 2
18.04.2012 12:01:43 [0] INFO root max.x = 99
18.04.2012 12:01:43 [0] INFO root max.y = 99
18.04.2012 12:01:43 [0] INFO root min.x = -100
18.04.2012 12:01:43 [0] INFO root min.y = -100
18.04.2012 12:01:43 [0] INFO root persons.file = ../../MRSA Inputs/subsets/60615/60615_people_sample.csv
18.04.2012 12:01:43 [0] INFO root places.file = ../../MRSA Inputs/subsets/60615/60615_places_sample.csv
18.04.2012 12:01:43 [0] INFO root proc.per.x = 1
18.04.2012 12:01:43 [0] INFO root proc.per.y = 1
18.04.2012 12:01:43 [0] INFO root process.count = 1
18.04.2012 12:01:43 [0] INFO root run.time = 1.5968
18.04.2012 12:01:43 [0] INFO root stop.at = 1
18.04.2012 12:01:46 [0] INFO root activities.file = ../../MRSA Inputs/subsets/60615/60615_activities_sample.csv
18.04.2012 12:01:46 [0] INFO root date_time.run = 18.04.2012 12:01:45
18.04.2012 12:01:46 [0] INFO root grid.buffer = 2
18.04.2012 12:01:46 [0] INFO root max.x = 99
18.04.2012 12:01:46 [0] INFO root max.y = 99
18.04.2012 12:01:46 [0] INFO root min.x = -100
18.04.2012 12:01:46 [0] INFO root min.y = -100
18.04.2012 12:01:46 [0] INFO root persons.file = ../../MRSA Inputs/subsets/60615/60615_people_sample.csv
18.04.2012 12:01:46 [0] INFO root places.file = ../../MRSA Inputs/subsets/60615/60615_places_sample.csv
18.04.2012 12:01:46 [0] INFO root proc.per.x = 1
18.04.2012 12:01:46 [0] INFO root proc.per.y = 1
18.04.2012 12:01:46 [0] INFO root process.count = 1
18.04.2012 12:01:46 [0] INFO root run.time = 1.6287
18.04.2012 12:01:46 [0] INFO root stop.at = 1
18.04.2012 12:02:29 [0] INFO root activities.file = ../../MRSA Inputs/subsets/60615/60615_activities_sample.csv
18.04.2012 12:02:29 [0] INFO root date_time.run = 18.04.2012 12:02:27
18.04.2012 12:02:29 [0] INFO root grid.buffer = 2
18.04.2012 12:02:29 [0] INFO root max.x = 99
18.04.2012 12:02:29 [0] INFO root max.y = 99
18.04.2012 12:02:29 [0] INFO root min.x = -100
18.04.2012 12:02:29 [0] INFO root min.y = -100
18.04.2012 12:02:29 [0] INFO root persons.file = ../../MRSA Inputs/subsets/60615/60615_people_sample.csv
18.04.2012 12:02:29 [0] INFO root places.file = ../../MRSA Inputs/subsets/60615/60615_places_sample.csv
18.04.2012 12:02:29 [0] INFO root proc.per.x = 1
18.04.2012 12:02:29 [0] INFO root proc.per.y = 1
18.04.2012 12:02:29 [0] INFO root process.count = 1
18.04.2012 12:02:29 [0] INFO root run.time = 1.60887
18.04.2012 12:02:29 [0] INFO root stop.at = 1
18.04.2012 12:14:49 [0] INFO root activities.file = ../../MRSA Inputs/subsets/60615/60615_activities_sample.csv
18.04.2012 12:14:49 [0] INFO root date_time.run = 18.04.2012 12:14:47
18.04.2012 12:14:49 [0] INFO root grid.buffer = 2
18.04.2012 12:14:49 [0] INFO root max.x = 99
18.04.2012 12:14:49 [0] INFO root max.y = 99
18.04.2012 12:14:49 [0] INFO root min.x = -100
18.04.2012 12:14:49 [0] INFO root min.y = -100
18.04.2012 12:14:49 [0] INFO root persons.file = ../../MRSA Inputs/subsets/60615/60615_people_sample.csv
18.04.2012 12:14:49 [0] INFO root places.file = ../../MRSA Inputs/subsets/60615/60615_places_sample.csv
18.04.2012 12:14:49 [0] INFO root proc.per.x = 1
18.04.2012 12:14:49 [0] INFO root proc.per.y = 1
18.04.2012 12:14:49 [0] INFO root process.count = 1
18.04.2012 12:14:49 [0] INFO root run.time = 1.61675
18.04.2012 12:14:49 [0] INFO root stop.at = 1
18.04.2012 12:15:49 [0] INFO root activities.file = ../../MRSA Inputs/subsets/60615/60615_activities_sample.csv
18.04.2012 12:15:49 [0] INFO root date_time.run = 18.04.2012 12:15:48
18.04.2012 12:15:49 [0] INFO root grid.buffer = 2
18.04.2012 12:15:49 [0] INFO root max.x = 99
18.04.2012 12:15:49 [0] INFO root max.y = 99
18.04.2012 12:15:49 [0] INFO root min.x = -100
18.04.2012 12:15:49 [0] INFO root min.y = -100
18.04.2012 12:15:49 [0] INFO root persons.file = ../../MRSA Inputs/subsets/60615/60615_people_sample.csv
18.04.2012 12:15:49 [0] INFO root places.file = ../../MRSA Inputs/subsets/60615/60615_places_sample.csv
18.04.2012 12:15:49 [0] INFO root proc.per.x = 1
18.04.2012 12:15:49 [0] INFO root proc.per.y = 1
18.04.2012 12:15:49 [0] INFO root process.count = 1
18.04.2012 12:15:49 [0] INFO root run.time = 1.59767
18.04.2012 12:15:49 [0] INFO root stop.at = 1
18.04.2012 12:56:14 [0] INFO root activities.file = ../../MRSA Inputs/subsets/60615/60615_activities_sample.csv
18.04.2012 12:56:14 [0] INFO root date_time.run = 18.04.2012 12:56:13
18.04.2012 12:56:14 [0] INFO root grid.buffer = 2
18.04.2012 12:56:14 [0] INFO root initial.colonization.fraction = 0.03
18.04.2012 12:56:14 [0] INFO root initial.infected.count = 17;
18.04.2012 12:56:14 [0] INFO root max.x = 99
18.04.2012 12:56:14 [0] INFO root max.y = 99
18.04.2012 12:56:14 [0] INFO root min.x = -100
18.04.2012 12:56:14 [0] INFO root min.y = -100
18.04.2012 12:56:14 [0] INFO root persons.file = ../../MRSA Inputs/subsets/60615/60615_people_sample.csv
18.04.2012 12:56:14 [0] INFO root places.file = ../../MRSA Inputs/subsets/60615/60615_places_sample.csv
18.04.2012 12:56:14 [0] INFO root proc.per.x = 1
18.04.2012 12:56:14 [0] INFO root proc.per.y = 1
18.04.2012 12:56:14 [0] INFO root process.count = 1
18.04.2012 12:56:14 [0] INFO root run.time = 1.67702
18.04.2012 12:56:14 [0] INFO root stop.at = 1
18.04.2012 13:03:40 [0] INFO root activities.file = ../../MRSA Inputs/subsets/60615/60615_activities_sample.csv
18.04.2012 13:03:40 [0] INFO root date_time.run = 18.04.2012 13:03:38
18.04.2012 13:03:40 [0] INFO root grid.buffer = 2
18.04.2012 13:03:40 [0] INFO root initial.colonization.fraction = 0.03
18.04.2012 13:03:40 [0] INFO root initial.infected.count = 17;
18.04.2012 13:03:40 [0] INFO root max.x = 99
18.04.2012 13:03:40 [0] INFO root max.y = 99
18.04.2012 13:03:40 [0] INFO root min.x = -100
18.04.2012 13:03:40 [0] INFO root min.y = -100
18.04.2012 13:03:40 [0] INFO root persons.file = ../../MRSA Inputs/subsets/60615/60615_people_sample.csv
18.04.2012 13:03:40 [0] INFO root places.file = ../../MRSA Inputs/subsets/60615/60615_places_sample.csv
18.04.2012 13:03:40 [0] INFO root proc.per.x = 1
18.04.2012 13:03:40 [0] INFO root proc.per.y = 1
18.04.2012 13:03:40 [0] INFO root process.count = 1
18.04.2012 13:03:40 [0] INFO root run.time = 1.66809
18.04.2012 13:03:40 [0] INFO root stop.at = 1
18.04.2012 13:41:40 [0] INFO root activities.file = ../../MRSA Inputs/subsets/60615/60615_activities_sample.csv
18.04.2012 13:41:40 [0] INFO root date_time.run = 18.04.2012 13:41:38
18.04.2012 13:41:40 [0] INFO root grid.buffer = 2
18.04.2012 13:41:40 [0] INFO root initial.colonization.fraction = 0.03
18.04.2012 13:41:40 [0] INFO root initial.infected.count = 17;
18.04.2012 13:41:40 [0] INFO root max.x = 99
18.04.2012 13:41:40 [0] INFO root max.y = 99
18.04.2012 13:41:40 [0] INFO root min.x = -100
18.04.2012 13:41:40 [0] INFO root min.y = -100
18.04.2012 13:41:40 [0] INFO root persons.file = ../../MRSA Inputs/subsets/60615/60615_people_sample.csv
18.04.2012 13:41:40 [0] INFO root places.file = ../../MRSA Inputs/subsets/60615/60615_places_sample.csv
18.04.2012 13:41:40 [0] INFO root proc.per.x = 1
18.04.2012 13:41:40 [0] INFO root proc.per.y = 1
18.04.2012 13:41:40 [0] INFO root process.count = 1
18.04.2012 13:41:40 [0] INFO root run.time = 1.65891
18.04.2012 13:41:40 [0] INFO root stop.at = 1
18.04.2012 13:54:45 [0] INFO root activities.file = ../../MRSA Inputs/subsets/60615/60615_activities_sample.csv
18.04.2012 13:54:45 [0] INFO root date_time.run = 18.04.2012 13:54:37
18.04.2012 13:54:45 [0] INFO root grid.buffer = 2
18.04.2012 13:54:45 [0] INFO root initial.colonization.fraction = 0.03
18.04.2012 13:54:45 [0] INFO root initial.infected.count = 17;
18.04.2012 13:54:45 [0] INFO root max.x = 99
18.04.2012 13:54:45 [0] INFO root max.y = 99
18.04.2012 13:54:45 [0] INFO root min.x = -100
18.04.2012 13:54:45 [0] INFO root min.y = -100
18.04.2012 13:54:45 [0] INFO root persons.file = ../../MRSA Inputs/subsets/60615/60615_people_sample.csv
18.04.2012 13:54:45 [0] INFO root places.file = ../../MRSA Inputs/subsets/60615/60615_places_sample.csv
18.04.2012 13:54:45 [0] INFO root proc.per.x = 1
18.04.2012 13:54:45 [0] INFO root proc.per.y = 1
18.04.2012 13:54:45 [0] INFO root process.count = 1
18.04.2012 13:54:45 [0] INFO root run.time = 8.22721
18.04.2012 13:54:45 [0] INFO root stop.at = 200
18.04.2012 14:40:50 [0] INFO root activities.file = ../../MRSA Inputs/subsets/60615/60615_activities_sample.csv
18.04.2012 14:40:50 [0] INFO root date_time.run = 18.04.2012 14:40:42
18.04.2012 14:40:50 [0] INFO root grid.buffer = 2
18.04.2012 14:40:50 [0] INFO root initial.colonization.fraction = 0.03
18.04.2012 14:40:50 [0] INFO root initial.infected.count = 17;
18.04.2012 14:40:50 [0] INFO root max.x = 99
18.04.2012 14:40:50 [0] INFO root max.y = 99
18.04.2012 14:40:50 [0] INFO root min.x = -100
18.04.2012 14:40:50 [0] INFO root min.y = -100
18.04.2012 14:40:50 [0] INFO root persons.file = ../../MRSA Inputs/subsets/60615/60615_people_sample.csv
18.04.2012 14:40:50 [0] INFO root places.file = ../../MRSA Inputs/subsets/60615/60615_places_sample.csv
18.04.2012 14:40:50 [0] INFO root proc.per.x = 1
18.04.2012 14:40:50 [0] INFO root proc.per.y = 1
18.04.2012 14:40:50 [0] INFO root process.count = 1
18.04.2012 14:40:50 [0] INFO root run.time = 7.87963
18.04.2012 14:40:50 [0] INFO root stop.at = 200
18.04.2012 14:57:18 [0] INFO root activities.file = ../../MRSA Inputs/subsets/60615/60615_activities_sample.csv
18.04.2012 14:57:18 [0] INFO root date_time.run = 18.04.2012 14:57:10
18.04.2012 14:57:18 [0] INFO root grid.buffer = 2
18.04.2012 14:57:18 [0] INFO root initial.colonization.fraction = 0.03
18.04.2012 14:57:18 [0] INFO root initial.infected.count = 17;
18.04.2012 14:57:18 [0] INFO root max.x = 99
18.04.2012 14:57:18 [0] INFO root max.y = 99
18.04.2012 14:57:18 [0] INFO root min.x = -100
18.04.2012 14:57:18 [0] INFO root min.y = -100
18.04.2012 14:57:18 [0] INFO root persons.file = ../../MRSA Inputs/subsets/60615/60615_people_sample.csv
18.04.2012 14:57:18 [0] INFO root places.file = ../../MRSA Inputs/subsets/60615/60615_places_sample.csv
18.04.2012 14:57:18 [0] INFO root proc.per.x = 1
18.04.2012 14:57:18 [0] INFO root proc.per.y = 1
18.04.2012 14:57:18 [0] INFO root process.count = 1
18.04.2012 14:57:18 [0] INFO root run.time = 7.74522
18.04.2012 14:57:18 [0] INFO root stop.at = 200
18.04.2012 14:57:18 [0] INFO root transition.rule = none
18.04.2012 15:43:44 [0] INFO root activities.file = ../../MRSA Inputs/subsets/60615/60615_activities_sample.csv
18.04.2012 15:43:44 [0] INFO root date_time.run = 18.04.2012 15:43:36
18.04.2012 15:43:44 [0] INFO root grid.buffer = 2
18.04.2012 15:43:44 [0] INFO root initial.colonization.fraction = 0.03
18.04.2012 15:43:44 [0] INFO root initial.infected.count = 17;
18.04.2012 15:43:44 [0] INFO root max.x = 99
18.04.2012 15:43:44 [0] INFO root max.y = 99
18.04.2012 15:43:44 [0] INFO root min.x = -100
18.04.2012 15:43:44 [0] INFO root min.y = -100
18.04.2012 15:43:44 [0] INFO root persons.file = ../../MRSA Inputs/subsets/60615/60615_people_sample.csv
18.04.2012 15:43:44 [0] INFO root places.file = ../../MRSA Inputs/subsets/60615/60615_places_sample.csv
18.04.2012 15:43:44 [0] INFO root proc.per.x = 1
18.04.2012 15:43:44 [0] INFO root proc.per.y = 1
18.04.2012 15:43:44 [0] INFO root process.count = 1
18.04.2012 15:43:44 [0] INFO root run.time = 7.70039
18.04.2012 15:43:44 [0] INFO root stop.at = 200
18.04.2012 15:43:44 [0] INFO root transition.rule = none
18.04.2012 16:13:04 [0] INFO root activities.file = ../../MRSA Inputs/subsets/60615/60615_activities_sample.csv
18.04.2012 16:13:04 [0] INFO root date_time.run = 18.04.2012 16:12:56
18.04.2012 16:13:04 [0] INFO root grid.buffer = 2
18.04.2012 16:13:04 [0] INFO root initial.colonization.fraction = 0.03
18.04.2012 16:13:04 [0] INFO root initial.infected.count = 17;
18.04.2012 16:13:04 [0] INFO root max.x = 99
18.04.2012 16:13:04 [0] INFO root max.y = 99
18.04.2012 16:13:04 [0] INFO root min.x = -100
18.04.2012 16:13:04 [0] INFO root min.y = -100
18.04.2012 16:13:04 [0] INFO root minimum.infection.period = 7
18.04.2012 16:13:04 [0] INFO root persons.file = ../../MRSA Inputs/subsets/60615/60615_people_sample.csv
18.04.2012 16:13:04 [0] INFO root places.file = ../../MRSA Inputs/subsets/60615/60615_places_sample.csv
18.04.2012 16:13:04 [0] INFO root proc.per.x = 1
18.04.2012 16:13:04 [0] INFO root proc.per.y = 1
18.04.2012 16:13:04 [0] INFO root process.count = 1
18.04.2012 16:13:04 [0] INFO root run.time = 7.91989
18.04.2012 16:13:04 [0] INFO root stop.at = 200
18.04.2012 16:13:04 [0] INFO root transition.rule = detailed place
18.04.2012 17:06:13 [0] INFO root activities.file = ../../MRSA Inputs/subsets/60615/60615_activities_sample.csv
18.04.2012 17:06:13 [0] INFO root date_time.run = 18.04.2012 17:06:06
18.04.2012 17:06:13 [0] INFO root grid.buffer = 2
18.04.2012 17:06:13 [0] INFO root initial.colonization.fraction = 0.03
18.04.2012 17:06:13 [0] INFO root initial.infected.count = 17;
18.04.2012 17:06:13 [0] INFO root max.x = 99
18.04.2012 17:06:13 [0] INFO root max.y = 99
18.04.2012 17:06:13 [0] INFO root min.x = -100
18.04.2012 17:06:13 [0] INFO root min.y = -100
18.04.2012 17:06:13 [0] INFO root minimum.infection.period = 7
18.04.2012 17:06:13 [0] INFO root persons.file = ../../MRSA Inputs/subsets/60615/60615_people_sample.csv
18.04.2012 17:06:13 [0] INFO root places.file = ../../MRSA Inputs/subsets/60615/60615_places_sample.csv
18.04.2012 17:06:13 [0] INFO root proc.per.x = 1
18.04.2012 17:06:13 [0] INFO root proc.per.y = 1
18.04.2012 17:06:13 [0] INFO root process.count = 1
18.04.2012 17:06:13 [0] INFO root run.time = 7.93201
18.04.2012 17:06:13 [0] INFO root stop.at = 200
18.04.2012 17:06:13 [0] INFO root transition.rule = detailed place
19.04.2012 08:59:57 [0] INFO root a = 6.85270E-05
19.04.2012 08:59:57 [0] INFO root activities.file = ../../MRSA Inputs/subsets/60615/60615_activities_sample.csv
19.04.2012 08:59:57 [0] INFO root b = 2.84505E-04
19.04.2012 08:59:57 [0] INFO root c = 2.37945E-03
19.04.2012 08:59:57 [0] INFO root d = 2.67532E-02
19.04.2012 08:59:57 [0] INFO root date_time.run = 19.04.2012 08:59:56
19.04.2012 08:59:57 [0] INFO root e = 5.83117E-05
19.04.2012 08:59:57 [0] INFO root faster.response.scaling.factor = 2.0
19.04.2012 08:59:57 [0] INFO root grid.buffer = 2
19.04.2012 08:59:57 [0] INFO root initial.colonization.fraction = 0.03
19.04.2012 08:59:57 [0] INFO root initial.infected.count = 17;
19.04.2012 08:59:57 [0] INFO root max.x = 99
19.04.2012 08:59:57 [0] INFO root max.y = 99
19.04.2012 08:59:57 [0] INFO root min.x = -100
19.04.2012 08:59:57 [0] INFO root min.y = -100
19.04.2012 08:59:57 [0] INFO root minimum.infection.period = 7
19.04.2012 08:59:57 [0] INFO root persons.file = ../../MRSA Inputs/subsets/60615/60615_people_sample.csv
19.04.2012 08:59:57 [0] INFO root places.file = ../../MRSA Inputs/subsets/60615/60615_places_sample.csv
19.04.2012 08:59:57 [0] INFO root proc.per.x = 1
19.04.2012 08:59:57 [0] INFO root proc.per.y = 1
19.04.2012 08:59:57 [0] INFO root process.count = 1
19.04.2012 08:59:57 [0] INFO root run.time = 1.61215
19.04.2012 08:59:57 [0] INFO root stop.at = 200
19.04.2012 08:59:57 [0] INFO root transition.rule = detailed place
19.04.2012 09:01:04 [0] INFO root a = 6.85270E-05
19.04.2012 09:01:04 [0] INFO root activities.file = ../../MRSA Inputs/subsets/60615/60615_activities_sample.csv
19.04.2012 09:01:04 [0] INFO root b = 2.84505E-04
19.04.2012 09:01:04 [0] INFO root c = 2.37945E-03
19.04.2012 09:01:04 [0] INFO root d = 2.67532E-02
19.04.2012 09:01:04 [0] INFO root date_time.run = 19.04.2012 09:00:56
19.04.2012 09:01:04 [0] INFO root e = 5.83117E-05
19.04.2012 09:01:04 [0] INFO root faster.response.scaling.factor = 2.0
19.04.2012 09:01:04 [0] INFO root grid.buffer = 2
19.04.2012 09:01:04 [0] INFO root initial.colonization.fraction = 0.03
19.04.2012 09:01:04 [0] INFO root initial.infected.count = 17;
19.04.2012 09:01:04 [0] INFO root max.x = 99
19.04.2012 09:01:04 [0] INFO root max.y = 99
19.04.2012 09:01:04 [0] INFO root min.x = -100
19.04.2012 09:01:04 [0] INFO root min.y = -100
19.04.2012 09:01:04 [0] INFO root minimum.infection.period = 7
19.04.2012 09:01:04 [0] INFO root persons.file = ../../MRSA Inputs/subsets/60615/60615_people_sample.csv
19.04.2012 09:01:04 [0] INFO root places.file = ../../MRSA Inputs/subsets/60615/60615_places_sample.csv
19.04.2012 09:01:04 [0] INFO root proc.per.x = 1
19.04.2012 09:01:04 [0] INFO root proc.per.y = 1
19.04.2012 09:01:04 [0] INFO root process.count = 1
19.04.2012 09:01:04 [0] INFO root run.time = 7.78705
19.04.2012 09:01:04 [0] INFO root stop.at = 200
19.04.2012 09:01:04 [0] INFO root transition.rule = detailed place
19.04.2012 09:01:38 [0] INFO root a = 6.85270E-05
19.04.2012 09:01:38 [0] INFO root activities.file = ../../MRSA Inputs/subsets/60615/60615_activities_sample.csv
19.04.2012 09:01:38 [0] INFO root b = 2.84505E-04
19.04.2012 09:01:38 [0] INFO root c = 2.37945E-03
19.04.2012 09:01:38 [0] INFO root d = 2.67532E-02
19.04.2012 09:01:38 [0] INFO root date_time.run = 19.04.2012 09:01:30
19.04.2012 09:01:38 [0] INFO root e = 5.83117E-05
19.04.2012 09:01:38 [0] INFO root faster.response.scaling.factor = 2.0
19.04.2012 09:01:38 [0] INFO root grid.buffer = 2
19.04.2012 09:01:38 [0] INFO root initial.colonization.fraction = 0.03
19.04.2012 09:01:38 [0] INFO root initial.infected.count = 17;
19.04.2012 09:01:38 [0] INFO root max.x = 99
19.04.2012 09:01:38 [0] INFO root max.y = 99
19.04.2012 09:01:38 [0] INFO root min.x = -100
19.04.2012 09:01:38 [0] INFO root min.y = -100
19.04.2012 09:01:38 [0] INFO root minimum.infection.period = 7
19.04.2012 09:01:38 [0] INFO root persons.file = ../../MRSA Inputs/subsets/60615/60615_people_sample.csv
19.04.2012 09:01:38 [0] INFO root places.file = ../../MRSA Inputs/subsets/60615/60615_places_sample.csv
19.04.2012 09:01:38 [0] INFO root proc.per.x = 1
19.04.2012 09:01:38 [0] INFO root proc.per.y = 1
19.04.2012 09:01:38 [0] INFO root process.count = 1
19.04.2012 09:01:38 [0] INFO root run.time = 7.81299
19.04.2012 09:01:38 [0] INFO root stop.at = 200
19.04.2012 09:01:38 [0] INFO root transition.rule = detailed place
19.04.2012 09:02:22 [0] INFO root a = 6.85270E-05
19.04.2012 09:02:22 [0] INFO root activities.file = ../../MRSA Inputs/subsets/60615/60615_activities_sample.csv
19.04.2012 09:02:22 [0] INFO root b = 2.84505E-04
19.04.2012 09:02:22 [0] INFO root c = 2.37945E-03
19.04.2012 09:02:22 [0] INFO root d = 2.67532E-02
19.04.2012 09:02:22 [0] INFO root date_time.run = 19.04.2012 09:02:14
19.04.2012 09:02:22 [0] INFO root e = 5.83117E-05
19.04.2012 09:02:22 [0] INFO root faster.response.scaling.factor = 2.0
19.04.2012 09:02:22 [0] INFO root grid.buffer = 2
19.04.2012 09:02:22 [0] INFO root initial.colonization.fraction = 0.03
19.04.2012 09:02:22 [0] INFO root initial.infected.count = 17;
19.04.2012 09:02:22 [0] INFO root max.x = 99
19.04.2012 09:02:22 [0] INFO root max.y = 99
19.04.2012 09:02:22 [0] INFO root min.x = -100
19.04.2012 09:02:22 [0] INFO root min.y = -100
19.04.2012 09:02:22 [0] INFO root minimum.infection.period = 7
19.04.2012 09:02:22 [0] INFO root persons.file = ../../MRSA Inputs/subsets/60615/60615_people_sample.csv
19.04.2012 09:02:22 [0] INFO root places.file = ../../MRSA Inputs/subsets/60615/60615_places_sample.csv
19.04.2012 09:02:22 [0] INFO root proc.per.x = 1
19.04.2012 09:02:22 [0] INFO root proc.per.y = 1
19.04.2012 09:02:22 [0] INFO root process.count = 1
19.04.2012 09:02:22 [0] INFO root run.time = 8.2383
19.04.2012 09:02:22 [0] INFO root stop.at = 200
19.04.2012 09:02:22 [0] INFO root transition.rule = detailed place
19.04.2012 09:14:44 [0] INFO root a = 6.85270E-05
19.04.2012 09:14:44 [0] INFO root activities.file = ../../MRSA Inputs/subsets/60615/60615_activities_sample.csv
19.04.2012 09:14:44 [0] INFO root b = 2.84505E-04
19.04.2012 09:14:44 [0] INFO root c = 2.37945E-03
19.04.2012 09:14:44 [0] INFO root d = 2.67532E-02
19.04.2012 09:14:44 [0] INFO root date_time.run = 19.04.2012 09:14:43
19.04.2012 09:14:44 [0] INFO root e = 5.83117E-05
19.04.2012 09:14:44 [0] INFO root faster.response.scaling.factor = 2.0
19.04.2012 09:14:44 [0] INFO root grid.buffer = 2
19.04.2012 09:14:44 [0] INFO root initial.colonization.fraction = 0.03
19.04.2012 09:14:44 [0] INFO root initial.infected.count = 17;
19.04.2012 09:14:44 [0] INFO root max.x = 99
19.04.2012 09:14:44 [0] INFO root max.y = 99
19.04.2012 09:14:44 [0] INFO root min.x = -100
19.04.2012 09:14:44 [0] INFO root min.y = -100
19.04.2012 09:14:44 [0] INFO root minimum.infection.period = 7
19.04.2012 09:14:44 [0] INFO root persons.file = ../../MRSA Inputs/subsets/60615/60615_people_sample.csv
19.04.2012 09:14:44 [0] INFO root places.file = ../../MRSA Inputs/subsets/60615/60615_places_sample.csv
19.04.2012 09:14:44 [0] INFO root proc.per.x = 1
19.04.2012 09:14:44 [0] INFO root proc.per.y = 1
19.04.2012 09:14:44 [0] INFO root process.count = 1
19.04.2012 09:14:44 [0] INFO root run.time = 1.67624
19.04.2012 09:14:44 [0] INFO root stop.at = 1
19.04.2012 09:14:44 [0] INFO root transition.rule = detailed place
19.04.2012 09:56:35 [0] INFO root a = 6.85270E-05
19.04.2012 09:56:35 [0] INFO root activities.file = ../../MRSA Inputs/subsets/60615/60615_activities_sample.csv
19.04.2012 09:56:35 [0] INFO root b = 2.84505E-04
19.04.2012 09:56:35 [0] INFO root c = 2.37945E-03
19.04.2012 09:56:35 [0] INFO root d = 2.67532E-02
19.04.2012 09:56:35 [0] INFO root date_time.run = 19.04.2012 09:56:34
19.04.2012 09:56:35 [0] INFO root e = 5.83117E-05
19.04.2012 09:56:35 [0] INFO root faster.response.scaling.factor = 2.0
19.04.2012 09:56:35 [0] INFO root grid.buffer = 2
19.04.2012 09:56:35 [0] INFO root initial.colonization.fraction = 0.03
19.04.2012 09:56:35 [0] INFO root initial.infected.count = 17;
19.04.2012 09:56:35 [0] INFO root max.x = 99
19.04.2012 09:56:35 [0] INFO root max.y = 99
19.04.2012 09:56:35 [0] INFO root min.x = -100
19.04.2012 09:56:35 [0] INFO root min.y = -100
19.04.2012 09:56:35 [0] INFO root minimum.infection.period = 7
19.04.2012 09:56:35 [0] INFO root persons.file = ../../MRSA Inputs/subsets/60615/60615_people_sample.csv
19.04.2012 09:56:35 [0] INFO root places.file = ../../MRSA Inputs/subsets/60615/60615_places_sample.csv
19.04.2012 09:56:35 [0] INFO root proc.per.x = 1
19.04.2012 09:56:35 [0] INFO root proc.per.y = 1
19.04.2012 09:56:35 [0] INFO root process.count = 1
19.04.2012 09:56:35 [0] INFO root run.time = 1.63893
19.04.2012 09:56:35 [0] INFO root stop.at = 1
19.04.2012 09:56:35 [0] INFO root transition.rule = detailed place
19.04.2012 10:11:33 [0] INFO root a = 6.85270E-05
19.04.2012 10:11:33 [0] INFO root activities.file = ../../MRSA Inputs/subsets/60615/60615_activities_sample.csv
19.04.2012 10:11:33 [0] INFO root b = 2.84505E-04
19.04.2012 10:11:33 [0] INFO root c = 2.37945E-03
19.04.2012 10:11:33 [0] INFO root d = 2.67532E-02
19.04.2012 10:11:33 [0] INFO root date_time.run = 19.04.2012 10:11:31
19.04.2012 10:11:33 [0] INFO root e = 5.83117E-05
19.04.2012 10:11:33 [0] INFO root faster.response.scaling.factor = 2.0
19.04.2012 10:11:33 [0] INFO root grid.buffer = 2
19.04.2012 10:11:33 [0] INFO root initial.colonization.fraction = 0.03
19.04.2012 10:11:33 [0] INFO root initial.infected.count = 17;
19.04.2012 10:11:33 [0] INFO root max.x = 99
19.04.2012 10:11:33 [0] INFO root max.y = 99
19.04.2012 10:11:33 [0] INFO root min.x = -100
19.04.2012 10:11:33 [0] INFO root min.y = -100
19.04.2012 10:11:33 [0] INFO root minimum.infection.period = 7
19.04.2012 10:11:33 [0] INFO root persons.file = ../../MRSA Inputs/subsets/60615/60615_people_sample.csv
19.04.2012 10:11:33 [0] INFO root places.file = ../../MRSA Inputs/subsets/60615/60615_places_sample.csv
19.04.2012 10:11:33 [0] INFO root proc.per.x = 1
19.04.2012 10:11:33 [0] INFO root proc.per.y = 1
19.04.2012 10:11:33 [0] INFO root process.count = 1
19.04.2012 10:11:33 [0] INFO root run.time = 1.66947
19.04.2012 10:11:33 [0] INFO root stop.at = 1
19.04.2012 10:11:33 [0] INFO root transition.rule = detailed place
19.04.2012 10:12:31 [0] INFO root a = 6.85270E-05
19.04.2012 10:12:31 [0] INFO root activities.file = ../../MRSA Inputs/subsets/60615/60615_activities_sample.csv
19.04.2012 10:12:31 [0] INFO root b = 2.84505E-04
19.04.2012 10:12:31 [0] INFO root c = 2.37945E-03
19.04.2012 10:12:31 [0] INFO root d = 2.67532E-02
19.04.2012 10:12:31 [0] INFO root date_time.run = 19.04.2012 10:12:30
19.04.2012 10:12:31 [0] INFO root e = 5.83117E-05
19.04.2012 10:12:31 [0] INFO root faster.response.scaling.factor = 2.0
19.04.2012 10:12:31 [0] INFO root grid.buffer = 2
19.04.2012 10:12:31 [0] INFO root initial.colonization.fraction = 0.03
19.04.2012 10:12:31 [0] INFO root initial.infected.count = 17;
19.04.2012 10:12:31 [0] INFO root max.x = 99
19.04.2012 10:12:31 [0] INFO root max.y = 99
19.04.2012 10:12:31 [0] INFO root min.x = -100
19.04.2012 10:12:31 [0] INFO root min.y = -100
19.04.2012 10:12:31 [0] INFO root minimum.infection.period = 7
19.04.2012 10:12:31 [0] INFO root persons.file = ../../MRSA Inputs/subsets/60615/60615_people_sample.csv
19.04.2012 10:12:31 [0] INFO root places.file = ../../MRSA Inputs/subsets/60615/60615_places_sample.csv
19.04.2012 10:12:31 [0] INFO root proc.per.x = 1
19.04.2012 10:12:31 [0] INFO root proc.per.y = 1
19.04.2012 10:12:31 [0] INFO root process.count = 1
19.04.2012 10:12:31 [0] INFO root run.time = 1.68638
19.04.2012 10:12:31 [0] INFO root stop.at = 1.5
19.04.2012 10:12:31 [0] INFO root transition.rule = detailed place
19.04.2012 10:21:14 [0] INFO root a = 6.85270E-05
19.04.2012 10:21:14 [0] INFO root activities.file = ../../MRSA Inputs/subsets/60615/60615_activities_sample.csv
19.04.2012 10:21:14 [0] INFO root b = 2.84505E-04
19.04.2012 10:21:14 [0] INFO root c = 2.37945E-03
19.04.2012 10:21:14 [0] INFO root d = 2.67532E-02
19.04.2012 10:21:14 [0] INFO root date_time.run = 19.04.2012 10:21:12
19.04.2012 10:21:14 [0] INFO root e = 5.83117E-05
19.04.2012 10:21:14 [0] INFO root faster.response.scaling.factor = 2.0
19.04.2012 10:21:14 [0] INFO root grid.buffer = 2
19.04.2012 10:21:14 [0] INFO root initial.colonization.fraction = 0.03
19.04.2012 10:21:14 [0] INFO root initial.infected.count = 17;
19.04.2012 10:21:14 [0] INFO root max.x = 99
19.04.2012 10:21:14 [0] INFO root max.y = 99
19.04.2012 10:21:14 [0] INFO root min.x = -100
19.04.2012 10:21:14 [0] INFO root min.y = -100
19.04.2012 10:21:14 [0] INFO root minimum.infection.period = 7
19.04.2012 10:21:14 [0] INFO root persons.file = ../../MRSA Inputs/subsets/60615/60615_people_sample.csv
19.04.2012 10:21:14 [0] INFO root places.file = ../../MRSA Inputs/subsets/60615/60615_places_sample.csv
19.04.2012 10:21:14 [0] INFO root proc.per.x = 1
19.04.2012 10:21:14 [0] INFO root proc.per.y = 1
19.04.2012 10:21:14 [0] INFO root process.count = 1
19.04.2012 10:21:14 [0] INFO root run.time = 1.64787
19.04.2012 10:21:14 [0] INFO root stop.at = 1.5
19.04.2012 10:21:14 [0] INFO root transition.rule = detailed place
19.04.2012 10:22:42 [0] INFO root a = 6.85270E-05
19.04.2012 10:22:42 [0] INFO root activities.file = ../../MRSA Inputs/subsets/60615/60615_activities_sample.csv
19.04.2012 10:22:42 [0] INFO root b = 2.84505E-04
19.04.2012 10:22:42 [0] INFO root c = 2.37945E-03
19.04.2012 10:22:42 [0] INFO root d = 2.67532E-02
19.04.2012 10:22:42 [0] INFO root date_time.run = 19.04.2012 10:22:41
19.04.2012 10:22:42 [0] INFO root e = 5.83117E-05
19.04.2012 10:22:42 [0] INFO root faster.response.scaling.factor = 2.0
19.04.2012 10:22:42 [0] INFO root grid.buffer = 2
19.04.2012 10:22:42 [0] INFO root initial.colonization.fraction = 0.03
19.04.2012 10:22:42 [0] INFO root initial.infected.count = 17;
19.04.2012 10:22:42 [0] INFO root max.x = 99
19.04.2012 10:22:42 [0] INFO root max.y = 99
19.04.2012 10:22:42 [0] INFO root min.x = -100
19.04.2012 10:22:42 [0] INFO root min.y = -100
19.04.2012 10:22:42 [0] INFO root minimum.infection.period = 7
19.04.2012 10:22:42 [0] INFO root persons.file = ../../MRSA Inputs/subsets/60615/60615_people_sample.csv
19.04.2012 10:22:42 [0] INFO root places.file = ../../MRSA Inputs/subsets/60615/60615_places_sample.csv
19.04.2012 10:22:42 [0] INFO root proc.per.x = 1
19.04.2012 10:22:42 [0] INFO root proc.per.y = 1
19.04.2012 10:22:42 [0] INFO root process.count = 1
19.04.2012 10:22:42 [0] INFO root run.time = 1.65923
19.04.2012 10:22:42 [0] INFO root stop.at = 1.5
19.04.2012 10:22:42 [0] INFO root transition.rule = detailed place
19.04.2012 10:23:34 [0] INFO root a = 6.85270E-05
19.04.2012 10:23:34 [0] INFO root activities.file = ../../MRSA Inputs/subsets/60615/60615_activities_sample.csv
19.04.2012 10:23:34 [0] INFO root b = 2.84505E-04
19.04.2012 10:23:34 [0] INFO root c = 2.37945E-03
19.04.2012 10:23:34 [0] INFO root d = 2.67532E-02
19.04.2012 10:23:34 [0] INFO root date_time.run = 19.04.2012 10:23:32
19.04.2012 10:23:34 [0] INFO root e = 5.83117E-05
19.04.2012 10:23:34 [0] INFO root faster.response.scaling.factor = 2.0
19.04.2012 10:23:34 [0] INFO root grid.buffer = 2
19.04.2012 10:23:34 [0] INFO root initial.colonization.fraction = 0.03
19.04.2012 10:23:34 [0] INFO root initial.infected.count = 17;
19.04.2012 10:23:34 [0] INFO root max.x = 99
19.04.2012 10:23:34 [0] INFO root max.y = 99
19.04.2012 10:23:34 [0] INFO root min.x = -100
19.04.2012 10:23:34 [0] INFO root min.y = -100
19.04.2012 10:23:34 [0] INFO root minimum.infection.period = 7
19.04.2012 10:23:34 [0] INFO root persons.file = ../../MRSA Inputs/subsets/60615/60615_people_sample.csv
19.04.2012 10:23:34 [0] INFO root places.file = ../../MRSA Inputs/subsets/60615/60615_places_sample.csv
19.04.2012 10:23:34 [0] INFO root proc.per.x = 1
19.04.2012 10:23:34 [0] INFO root proc.per.y = 1
19.04.2012 10:23:34 [0] INFO root process.count = 1
19.04.2012 10:23:34 [0] INFO root run.time = 1.98322
19.04.2012 10:23:34 [0] INFO root stop.at = 10.5
19.04.2012 10:23:34 [0] INFO root transition.rule = detailed place
19.04.2012 10:25:42 [0] INFO root a = 6.85270E-05
19.04.2012 10:25:42 [0] INFO root activities.file = ../../MRSA Inputs/subsets/60615/60615_activities_sample.csv
19.04.2012 10:25:42 [0] INFO root b = 2.84505E-04
19.04.2012 10:25:42 [0] INFO root c = 2.37945E-03
19.04.2012 10:25:42 [0] INFO root d = 2.67532E-02
19.04.2012 10:25:42 [0] INFO root date_time.run = 19.04.2012 10:25:40
19.04.2012 10:25:42 [0] INFO root e = 5.83117E-05
19.04.2012 10:25:42 [0] INFO root faster.response.scaling.factor = 2.0
19.04.2012 10:25:42 [0] INFO root grid.buffer = 2
19.04.2012 10:25:42 [0] INFO root initial.colonization.fraction = 0.03
19.04.2012 10:25:42 [0] INFO root initial.infected.count = 17;
19.04.2012 10:25:42 [0] INFO root max.x = 99
19.04.2012 10:25:42 [0] INFO root max.y = 99
19.04.2012 10:25:42 [0] INFO root min.x = -100
19.04.2012 10:25:42 [0] INFO root min.y = -100
19.04.2012 10:25:42 [0] INFO root minimum.infection.period = 7
19.04.2012 10:25:42 [0] INFO root persons.file = ../../MRSA Inputs/subsets/60615/60615_people_sample.csv
19.04.2012 10:25:42 [0] INFO root places.file = ../../MRSA Inputs/subsets/60615/60615_places_sample.csv
19.04.2012 10:25:42 [0] INFO root proc.per.x = 1
19.04.2012 10:25:42 [0] INFO root proc.per.y = 1
19.04.2012 10:25:42 [0] INFO root process.count = 1
19.04.2012 10:25:42 [0] INFO root run.time = 1.9572
19.04.2012 10:25:42 [0] INFO root stop.at = 10.5
19.04.2012 10:25:42 [0] INFO root transition.rule = detailed place
19.04.2012 10:31:34 [0] INFO root a = 6.85270E-05
19.04.2012 10:31:34 [0] INFO root activities.file = ../../MRSA Inputs/subsets/60615/60615_activities_sample.csv
19.04.2012 10:31:34 [0] INFO root b = 2.84505E-04
19.04.2012 10:31:34 [0] INFO root c = 2.37945E-03
19.04.2012 10:31:34 [0] INFO root d = 2.67532E-02
19.04.2012 10:31:34 [0] INFO root date_time.run = 19.04.2012 10:31:32
19.04.2012 10:31:34 [0] INFO root e = 5.83117E-05
19.04.2012 10:31:34 [0] INFO root faster.response.scaling.factor = 2.0
19.04.2012 10:31:34 [0] INFO root grid.buffer = 2
19.04.2012 10:31:34 [0] INFO root initial.colonization.fraction = 0.03
19.04.2012 10:31:34 [0] INFO root initial.infected.count = 17;
19.04.2012 10:31:34 [0] INFO root max.x = 99
19.04.2012 10:31:34 [0] INFO root max.y = 99
19.04.2012 10:31:34 [0] INFO root min.x = -100
19.04.2012 10:31:34 [0] INFO root min.y = -100
19.04.2012 10:31:34 [0] INFO root minimum.infection.period = 7
19.04.2012 10:31:34 [0] INFO root persons.file = ../../MRSA Inputs/subsets/60615/60615_people_sample.csv
19.04.2012 10:31:34 [0] INFO root places.file = ../../MRSA Inputs/subsets/60615/60615_places_sample.csv
19.04.2012 10:31:34 [0] INFO root proc.per.x = 1
19.04.2012 10:31:34 [0] INFO root proc.per.y = 1
19.04.2012 10:31:34 [0] INFO root process.count = 1
19.04.2012 10:31:34 [0] INFO root run.time = 1.93593
19.04.2012 10:31:34 [0] INFO root stop.at = 10.5
19.04.2012 10:31:34 [0] INFO root transition.rule = detailed place
19.04.2012 10:37:36 [0] INFO root a = 6.85270E-05
19.04.2012 10:37:36 [0] INFO root activities.file = ../../MRSA Inputs/subsets/60615/60615_activities_sample.csv
19.04.2012 10:37:36 [0] INFO root b = 2.84505E-04
19.04.2012 10:37:36 [0] INFO root c = 2.37945E-03
19.04.2012 10:37:36 [0] INFO root d = 2.67532E-02
19.04.2012 10:37:36 [0] INFO root date_time.run = 19.04.2012 10:37:34
19.04.2012 10:37:36 [0] INFO root e = 5.83117E-05
19.04.2012 10:37:36 [0] INFO root faster.response.scaling.factor = 2.0
19.04.2012 10:37:36 [0] INFO root grid.buffer = 2
19.04.2012 10:37:36 [0] INFO root initial.colonization.fraction = 0.03
19.04.2012 10:37:36 [0] INFO root initial.infected.count = 17;
19.04.2012 10:37:36 [0] INFO root max.x = 99
19.04.2012 10:37:36 [0] INFO root max.y = 99
19.04.2012 10:37:36 [0] INFO root min.x = -100
19.04.2012 10:37:36 [0] INFO root min.y = -100
19.04.2012 10:37:36 [0] INFO root minimum.infection.period = 7
19.04.2012 10:37:36 [0] INFO root persons.file = ../../MRSA Inputs/subsets/60615/60615_people_sample.csv
19.04.2012 10:37:36 [0] INFO root places.file = ../../MRSA Inputs/subsets/60615/60615_places_sample.csv
19.04.2012 10:37:36 [0] INFO root proc.per.x = 1
19.04.2012 10:37:36 [0] INFO root proc.per.y = 1
19.04.2012 10:37:36 [0] INFO root process.count = 1
19.04.2012 10:37:36 [0] INFO root run.time = 1.95929
19.04.2012 10:37:36 [0] INFO root stop.at = 10.5
19.04.2012 10:37:36 [0] INFO root transition.rule = detailed place
19.04.2012 10:38:40 [0] INFO root a = 6.85270E-05
19.04.2012 10:38:40 [0] INFO root activities.file = ../../MRSA Inputs/subsets/60615/60615_activities_sample.csv
19.04.2012 10:38:40 [0] INFO root b = 2.84505E-04
19.04.2012 10:38:40 [0] INFO root c = 2.37945E-03
19.04.2012 10:38:40 [0] INFO root d = 2.67532E-02
19.04.2012 10:38:40 [0] INFO root date_time.run = 19.04.2012 10:38:38
19.04.2012 10:38:40 [0] INFO root e = 5.83117E-05
19.04.2012 10:38:40 [0] INFO root faster.response.scaling.factor = 2.0
19.04.2012 10:38:40 [0] INFO root grid.buffer = 2
19.04.2012 10:38:40 [0] INFO root initial.colonization.fraction = 0.03
19.04.2012 10:38:40 [0] INFO root initial.infected.count = 17;
19.04.2012 10:38:40 [0] INFO root max.x = 99
19.04.2012 10:38:40 [0] INFO root max.y = 99
19.04.2012 10:38:40 [0] INFO root min.x = -100
19.04.2012 10:38:40 [0] INFO root min.y = -100
19.04.2012 10:38:40 [0] INFO root minimum.infection.period = 7
19.04.2012 10:38:40 [0] INFO root persons.file = ../../MRSA Inputs/subsets/60615/60615_people_sample.csv
19.04.2012 10:38:40 [0] INFO root places.file = ../../MRSA Inputs/subsets/60615/60615_places_sample.csv
19.04.2012 10:38:40 [0] INFO root proc.per.x = 1
19.04.2012 10:38:40 [0] INFO root proc.per.y = 1
19.04.2012 10:38:40 [0] INFO root process.count = 1
19.04.2012 10:38:40 [0] INFO root run.time = 1.96993
19.04.2012 10:38:40 [0] INFO root stop.at = 10.5
19.04.2012 10:38:40 [0] INFO root transition.rule = detailed place
19.04.2012 10:40:05 [0] INFO root a = 6.85270E-05
19.04.2012 10:40:05 [0] INFO root activities.file = ../../MRSA Inputs/subsets/60615/60615_activities_sample.csv
19.04.2012 10:40:05 [0] INFO root b = 2.84505E-04
19.04.2012 10:40:05 [0] INFO root c = 2.37945E-03
19.04.2012 10:40:05 [0] INFO root d = 2.67532E-02
19.04.2012 10:40:05 [0] INFO root date_time.run = 19.04.2012 10:40:03
19.04.2012 10:40:05 [0] INFO root e = 5.83117E-05
19.04.2012 10:40:05 [0] INFO root faster.response.scaling.factor = 2.0
19.04.2012 10:40:05 [0] INFO root grid.buffer = 2
19.04.2012 10:40:05 [0] INFO root initial.colonization.fraction = 0.03
19.04.2012 10:40:05 [0] INFO root initial.infected.count = 17;
19.04.2012 10:40:05 [0] INFO root max.x = 99
19.04.2012 10:40:05 [0] INFO root max.y = 99
19.04.2012 10:40:05 [0] INFO root min.x = -100
19.04.2012 10:40:05 [0] INFO root min.y = -100
19.04.2012 10:40:05 [0] INFO root minimum.infection.period = 7
19.04.2012 10:40:05 [0] INFO root persons.file = ../../MRSA Inputs/subsets/60615/60615_people_sample.csv
19.04.2012 10:40:05 [0] INFO root places.file = ../../MRSA Inputs/subsets/60615/60615_places_sample.csv
19.04.2012 10:40:05 [0] INFO root proc.per.x = 1
19.04.2012 10:40:05 [0] INFO root proc.per.y = 1
19.04.2012 10:40:05 [0] INFO root process.count = 1
19.04.2012 10:40:05 [0] INFO root run.time = 1.93691
19.04.2012 10:40:05 [0] INFO root stop.at = 10.5
19.04.2012 10:40:05 [0] INFO root transition.rule = detailed place
19.04.2012 10:41:56 [0] INFO root a = 6.85270E-05
19.04.2012 10:41:56 [0] INFO root activities.file = ../../MRSA Inputs/subsets/60615/60615_activities_sample.csv
19.04.2012 10:41:56 [0] INFO root b = 2.84505E-04
19.04.2012 10:41:56 [0] INFO root c = 2.37945E-03
19.04.2012 10:41:56 [0] INFO root d = 2.67532E-02
19.04.2012 10:41:56 [0] INFO root date_time.run = 19.04.2012 10:41:54
19.04.2012 10:41:56 [0] INFO root e = 5.83117E-05
19.04.2012 10:41:56 [0] INFO root faster.response.scaling.factor = 2.0
19.04.2012 10:41:56 [0] INFO root grid.buffer = 2
19.04.2012 10:41:56 [0] INFO root initial.colonization.fraction = 0.03
19.04.2012 10:41:56 [0] INFO root initial.infected.count = 17;
19.04.2012 10:41:56 [0] INFO root max.x = 99
19.04.2012 10:41:56 [0] INFO root max.y = 99
19.04.2012 10:41:56 [0] INFO root min.x = -100
19.04.2012 10:41:56 [0] INFO root min.y = -100
19.04.2012 10:41:56 [0] INFO root minimum.infection.period = 7
19.04.2012 10:41:56 [0] INFO root persons.file = ../../MRSA Inputs/subsets/60615/60615_people_sample.csv
19.04.2012 10:41:56 [0] INFO root places.file = ../../MRSA Inputs/subsets/60615/60615_places_sample.csv
19.04.2012 10:41:56 [0] INFO root proc.per.x = 1
19.04.2012 10:41:56 [0] INFO root proc.per.y = 1
19.04.2012 10:41:56 [0] INFO root process.count = 1
19.04.2012 10:41:56 [0] INFO root run.time = 1.92109
19.04.2012 10:41:56 [0] INFO root stop.at = 10.5
19.04.2012 10:41:56 [0] INFO root transition.rule = detailed place
19.04.2012 10:46:02 [0] INFO root a = 6.85270E-05
19.04.2012 10:46:02 [0] INFO root activities.file = ../../MRSA Inputs/subsets/60615/60615_activities_sample.csv
19.04.2012 10:46:02 [0] INFO root b = 2.84505E-04
19.04.2012 10:46:02 [0] INFO root c = 2.37945E-03
19.04.2012 10:46:02 [0] INFO root d = 2.67532E-02
19.04.2012 10:46:02 [0] INFO root date_time.run = 19.04.2012 10:46:00
19.04.2012 10:46:02 [0] INFO root e = 5.83117E-05
19.04.2012 10:46:02 [0] INFO root faster.response.scaling.factor = 2.0
19.04.2012 10:46:02 [0] INFO root grid.buffer = 2
19.04.2012 10:46:02 [0] INFO root initial.colonization.fraction = 0.03
19.04.2012 10:46:02 [0] INFO root initial.infected.count = 17;
19.04.2012 10:46:02 [0] INFO root max.x = 99
19.04.2012 10:46:02 [0] INFO root max.y = 99
19.04.2012 10:46:02 [0] INFO root min.x = -100
19.04.2012 10:46:02 [0] INFO root min.y = -100
19.04.2012 10:46:02 [0] INFO root minimum.infection.period = 7
19.04.2012 10:46:02 [0] INFO root persons.file = ../../MRSA Inputs/subsets/60615/60615_people_sample.csv
19.04.2012 10:46:02 [0] INFO root places.file = ../../MRSA Inputs/subsets/60615/60615_places_sample.csv
19.04.2012 10:46:02 [0] INFO root proc.per.x = 1
19.04.2012 10:46:02 [0] INFO root proc.per.y = 1
19.04.2012 10:46:02 [0] INFO root process.count = 1
19.04.2012 10:46:02 [0] INFO root run.time = 1.9156
19.04.2012 10:46:02 [0] INFO root stop.at = 10.5
19.04.2012 10:46:02 [0] INFO root transition.rule = detailed place
19.04.2012 10:46:21 [0] INFO root a = 6.85270E-05
19.04.2012 10:46:21 [0] INFO root activities.file = ../../MRSA Inputs/subsets/60615/60615_activities_sample.csv
19.04.2012 10:46:21 [0] INFO root b = 2.84505E-04
19.04.2012 10:46:21 [0] INFO root c = 2.37945E-03
19.04.2012 10:46:21 [0] INFO root d = 2.67532E-02
19.04.2012 10:46:21 [0] INFO root date_time.run = 19.04.2012 10:46:19
19.04.2012 10:46:21 [0] INFO root e = 5.83117E-05
19.04.2012 10:46:21 [0] INFO root faster.response.scaling.factor = 2.0
19.04.2012 10:46:21 [0] INFO root grid.buffer = 2
19.04.2012 10:46:21 [0] INFO root initial.colonization.fraction = 0.03
19.04.2012 10:46:21 [0] INFO root initial.infected.count = 17;
19.04.2012 10:46:21 [0] INFO root max.x = 99
19.04.2012 10:46:21 [0] INFO root max.y = 99
19.04.2012 10:46:21 [0] INFO root min.x = -100
19.04.2012 10:46:21 [0] INFO root min.y = -100
19.04.2012 10:46:21 [0] INFO root minimum.infection.period = 7
19.04.2012 10:46:21 [0] INFO root persons.file = ../../MRSA Inputs/subsets/60615/60615_people_sample.csv
19.04.2012 10:46:21 [0] INFO root places.file = ../../MRSA Inputs/subsets/60615/60615_places_sample.csv
19.04.2012 10:46:21 [0] INFO root proc.per.x = 1
19.04.2012 10:46:21 [0] INFO root proc.per.y = 1
19.04.2012 10:46:21 [0] INFO root process.count = 1
19.04.2012 10:46:21 [0] INFO root run.time = 1.94805
19.04.2012 10:46:21 [0] INFO root stop.at = 10.5
19.04.2012 10:46:21 [0] INFO root transition.rule = detailed place
19.04.2012 10:47:11 [0] INFO root a = 6.85270E-05
19.04.2012 10:47:11 [0] INFO root activities.file = ../../MRSA Inputs/subsets/60615/60615_activities_sample.csv
19.04.2012 10:47:11 [0] INFO root b = 2.84505E-04
19.04.2012 10:47:11 [0] INFO root c = 2.37945E-03
19.04.2012 10:47:11 [0] INFO root d = 2.67532E-02
19.04.2012 10:47:11 [0] INFO root date_time.run = 19.04.2012 10:47:09
19.04.2012 10:47:11 [0] INFO root e = 5.83117E-05
19.04.2012 10:47:11 [0] INFO root faster.response.scaling.factor = 2.0
19.04.2012 10:47:11 [0] INFO root grid.buffer = 2
19.04.2012 10:47:11 [0] INFO root initial.colonization.fraction = 0.03
19.04.2012 10:47:11 [0] INFO root initial.infected.count = 17;
19.04.2012 10:47:11 [0] INFO root max.x = 99
19.04.2012 10:47:11 [0] INFO root max.y = 99
19.04.2012 10:47:11 [0] INFO root min.x = -100
19.04.2012 10:47:11 [0] INFO root min.y = -100
19.04.2012 10:47:11 [0] INFO root minimum.infection.period = 7
19.04.2012 10:47:11 [0] INFO root persons.file = ../../MRSA Inputs/subsets/60615/60615_people_sample.csv
19.04.2012 10:47:11 [0] INFO root places.file = ../../MRSA Inputs/subsets/60615/60615_places_sample.csv
19.04.2012 10:47:11 [0] INFO root proc.per.x = 1
19.04.2012 10:47:11 [0] INFO root proc.per.y = 1
19.04.2012 10:47:11 [0] INFO root process.count = 1
19.04.2012 10:47:11 [0] INFO root run.time = 1.93606
19.04.2012 10:47:11 [0] INFO root stop.at = 10.5
19.04.2012 10:47:11 [0] INFO root transition.rule = detailed place
19.04.2012 11:17:27 [0] INFO root a = 6.85270E-05
19.04.2012 11:17:27 [0] INFO root activities.file = ../../MRSA Inputs/subsets/60615/60615_activities_sample.csv
19.04.2012 11:17:27 [0] INFO root b = 2.84505E-04
19.04.2012 11:17:27 [0] INFO root c = 2.37945E-03
19.04.2012 11:17:27 [0] INFO root d = 2.67532E-02
19.04.2012 11:17:27 [0] INFO root date_time.run = 19.04.2012 11:17:25
19.04.2012 11:17:27 [0] INFO root e = 5.83117E-05
19.04.2012 11:17:27 [0] INFO root faster.response.scaling.factor = 2.0
19.04.2012 11:17:27 [0] INFO root grid.buffer = 2
19.04.2012 11:17:27 [0] INFO root initial.colonization.fraction = 0.03
19.04.2012 11:17:27 [0] INFO root initial.infected.count = 17;
19.04.2012 11:17:27 [0] INFO root max.x = 99
19.04.2012 11:17:27 [0] INFO root max.y = 99
19.04.2012 11:17:27 [0] INFO root min.x = -100
19.04.2012 11:17:27 [0] INFO root min.y = -100
19.04.2012 11:17:27 [0] INFO root minimum.infection.period = 7
19.04.2012 11:17:27 [0] INFO root persons.file = ../../MRSA Inputs/subsets/60615/60615_people_sample.csv
19.04.2012 11:17:27 [0] INFO root places.file = ../../MRSA Inputs/subsets/60615/60615_places_sample.csv
19.04.2012 11:17:27 [0] INFO root proc.per.x = 1
19.04.2012 11:17:27 [0] INFO root proc.per.y = 1
19.04.2012 11:17:27 [0] INFO root process.count = 1
19.04.2012 11:17:27 [0] INFO root run.time = 1.97764
19.04.2012 11:17:27 [0] INFO root stop.at = 10.5
19.04.2012 11:17:27 [0] INFO root transition.rule = detailed place
19.04.2012 11:29:13 [0] INFO root a = 6.85270E-05
19.04.2012 11:29:13 [0] INFO root activities.file = ../../MRSA Inputs/subsets/60615/60615_activities_sample.csv
19.04.2012 11:29:13 [0] INFO root b = 2.84505E-04
19.04.2012 11:29:13 [0] INFO root c = 2.37945E-03
19.04.2012 11:29:13 [0] INFO root d = 2.67532E-02
19.04.2012 11:29:13 [0] INFO root date_time.run = 19.04.2012 11:29:11
19.04.2012 11:29:13 [0] INFO root e = 5.83117E-05
19.04.2012 11:29:13 [0] INFO root faster.response.scaling.factor = 2.0
19.04.2012 11:29:13 [0] INFO root grid.buffer = 2
19.04.2012 11:29:13 [0] INFO root initial.colonization.fraction = 0.03
19.04.2012 11:29:13 [0] INFO root initial.infected.count = 17;
19.04.2012 11:29:13 [0] INFO root max.x = 99
19.04.2012 11:29:13 [0] INFO root max.y = 99
19.04.2012 11:29:13 [0] INFO root min.x = -100
19.04.2012 11:29:13 [0] INFO root min.y = -100
19.04.2012 11:29:13 [0] INFO root minimum.infection.period = 7
19.04.2012 11:29:13 [0] INFO root persons.file = ../../MRSA Inputs/subsets/60615/60615_people_sample.csv
19.04.2012 11:29:13 [0] INFO root places.file = ../../MRSA Inputs/subsets/60615/60615_places_sample.csv
19.04.2012 11:29:13 [0] INFO root proc.per.x = 1
19.04.2012 11:29:13 [0] INFO root proc.per.y = 1
19.04.2012 11:29:13 [0] INFO root process.count = 1
19.04.2012 11:29:13 [0] INFO root run.time = 1.94828
19.04.2012 11:29:13 [0] INFO root stop.at = 10.5
19.04.2012 11:29:13 [0] INFO root transition.rule = detailed place
19.04.2012 11:29:48 [0] INFO root a = 6.85270E-05
19.04.2012 11:29:48 [0] INFO root activities.file = ../../MRSA Inputs/subsets/60615/60615_activities_sample.csv
19.04.2012 11:29:48 [0] INFO root b = 2.84505E-04
19.04.2012 11:29:48 [0] INFO root c = 2.37945E-03
19.04.2012 11:29:48 [0] INFO root d = 2.67532E-02
19.04.2012 11:29:48 [0] INFO root date_time.run = 19.04.2012 11:29:46
19.04.2012 11:29:48 [0] INFO root e = 5.83117E-05
19.04.2012 11:29:48 [0] INFO root faster.response.scaling.factor = 2.0
19.04.2012 11:29:48 [0] INFO root grid.buffer = 2
19.04.2012 11:29:48 [0] INFO root initial.colonization.fraction = 0.03
19.04.2012 11:29:48 [0] INFO root initial.infected.count = 17;
19.04.2012 11:29:48 [0] INFO root max.x = 99
19.04.2012 11:29:48 [0] INFO root max.y = 99
19.04.2012 11:29:48 [0] INFO root min.x = -100
19.04.2012 11:29:48 [0] INFO root min.y = -100
19.04.2012 11:29:48 [0] INFO root minimum.infection.period = 7
19.04.2012 11:29:48 [0] INFO root persons.file = ../../MRSA Inputs/subsets/60615/60615_people_sample.csv
19.04.2012 11:29:48 [0] INFO root places.file = ../../MRSA Inputs/subsets/60615/60615_places_sample.csv
19.04.2012 11:29:48 [0] INFO root proc.per.x = 1
19.04.2012 11:29:48 [0] INFO root proc.per.y = 1
19.04.2012 11:29:48 [0] INFO root process.count = 1
19.04.2012 11:29:48 [0] INFO root run.time = 1.93922
19.04.2012 11:29:48 [0] INFO root stop.at = 10.5
19.04.2012 11:29:48 [0] INFO root transition.rule = detailed place
19.04.2012 11:30:38 [0] INFO root a = 6.85270E-05
19.04.2012 11:30:38 [0] INFO root activities.file = ../../MRSA Inputs/subsets/60615/60615_activities_sample.csv
19.04.2012 11:30:38 [0] INFO root b = 2.84505E-04
19.04.2012 11:30:38 [0] INFO root c = 2.37945E-03
19.04.2012 11:30:38 [0] INFO root d = 2.67532E-02
19.04.2012 11:30:38 [0] INFO root date_time.run = 19.04.2012 11:30:37
19.04.2012 11:30:38 [0] INFO root e = 5.83117E-05
19.04.2012 11:30:38 [0] INFO root faster.response.scaling.factor = 2.0
19.04.2012 11:30:38 [0] INFO root grid.buffer = 2
19.04.2012 11:30:38 [0] INFO root initial.colonization.fraction = 0.03
19.04.2012 11:30:38 [0] INFO root initial.infected.count = 17;
19.04.2012 11:30:38 [0] INFO root max.x = 99
19.04.2012 11:30:38 [0] INFO root max.y = 99
19.04.2012 11:30:38 [0] INFO root min.x = -100
19.04.2012 11:30:38 [0] INFO root min.y = -100
19.04.2012 11:30:38 [0] INFO root minimum.infection.period = 7
19.04.2012 11:30:38 [0] INFO root persons.file = ../../MRSA Inputs/subsets/60615/60615_people_sample.csv
19.04.2012 11:30:38 [0] INFO root places.file = ../../MRSA Inputs/subsets/60615/60615_places_sample.csv
19.04.2012 11:30:38 [0] INFO root proc.per.x = 1
19.04.2012 11:30:38 [0] INFO root proc.per.y = 1
19.04.2012 11:30:38 [0] INFO root process.count = 1
19.04.2012 11:30:38 [0] INFO root run.time = 1.93789
19.04.2012 11:30:38 [0] INFO root stop.at = 10.5
19.04.2012 11:30:38 [0] INFO root transition.rule = detailed place
19.04.2012 11:33:32 [0] INFO root a = 6.85270E-05
19.04.2012 11:33:32 [0] INFO root activities.file = ../../MRSA Inputs/subsets/60615/60615_activities.csv
19.04.2012 11:33:32 [0] INFO root b = 2.84505E-04
19.04.2012 11:33:32 [0] INFO root c = 2.37945E-03
19.04.2012 11:33:32 [0] INFO root d = 2.67532E-02
19.04.2012 11:33:32 [0] INFO root date_time.run = 19.04.2012 11:31:39
19.04.2012 11:33:32 [0] INFO root e = 5.83117E-05
19.04.2012 11:33:32 [0] INFO root faster.response.scaling.factor = 2.0
19.04.2012 11:33:32 [0] INFO root grid.buffer = 2
19.04.2012 11:33:32 [0] INFO root initial.colonization.fraction = 0.03
19.04.2012 11:33:32 [0] INFO root initial.infected.count = 17;
19.04.2012 11:33:32 [0] INFO root max.x = 99
19.04.2012 11:33:32 [0] INFO root max.y = 99
19.04.2012 11:33:32 [0] INFO root min.x = -100
19.04.2012 11:33:32 [0] INFO root min.y = -100
19.04.2012 11:33:32 [0] INFO root minimum.infection.period = 7
19.04.2012 11:33:32 [0] INFO root persons.file = ../../MRSA Inputs/subsets/60615/60615_people.csv
19.04.2012 11:33:32 [0] INFO root places.file = ../../MRSA Inputs/subsets/60615/60615_places.csv
19.04.2012 11:33:32 [0] INFO root proc.per.x = 1
19.04.2012 11:33:32 [0] INFO root proc.per.y = 1
19.04.2012 11:33:32 [0] INFO root process.count = 1
19.04.2012 11:33:32 [0] INFO root run.time = 113.8
19.04.2012 11:33:32 [0] INFO root stop.at = 720
19.04.2012 11:33:32 [0] INFO root transition.rule = detailed place
19.04.2012 11:42:55 [0] INFO root a = 6.85270E-05
19.04.2012 11:42:55 [0] INFO root activities.file = ../../MRSA Inputs/subsets/60615/60615_activities.csv
19.04.2012 11:42:55 [0] INFO root b = 2.84505E-04
19.04.2012 11:42:55 [0] INFO root c = 2.37945E-03
19.04.2012 11:42:55 [0] INFO root d = 2.67532E-02
19.04.2012 11:42:55 [0] INFO root date_time.run = 19.04.2012 11:42:19
19.04.2012 11:42:55 [0] INFO root e = 5.83117E-05
19.04.2012 11:42:55 [0] INFO root faster.response.scaling.factor = 2.0
19.04.2012 11:42:55 [0] INFO root grid.buffer = 2
19.04.2012 11:42:55 [0] INFO root initial.colonization.fraction = 0.03
19.04.2012 11:42:55 [0] INFO root initial.infected.count = 17;
19.04.2012 11:42:55 [0] INFO root max.x = 99
19.04.2012 11:42:55 [0] INFO root max.y = 99
19.04.2012 11:42:55 [0] INFO root min.x = -100
19.04.2012 11:42:55 [0] INFO root min.y = -100
19.04.2012 11:42:55 [0] INFO root minimum.infection.period = 7
19.04.2012 11:42:55 [0] INFO root persons.file = ../../MRSA Inputs/subsets/60615/60615_people.csv
19.04.2012 11:42:55 [0] INFO root places.file = ../../MRSA Inputs/subsets/60615/60615_places.csv
19.04.2012 11:42:55 [0] INFO root proc.per.x = 1
19.04.2012 11:42:55 [0] INFO root proc.per.y = 1
19.04.2012 11:42:55 [0] INFO root process.count = 1
19.04.2012 11:42:55 [0] INFO root run.time = 35.7241
19.04.2012 11:42:55 [0] INFO root stop.at = 720
19.04.2012 11:42:55 [0] INFO root transition.rule = detailed place
19.04.2012 11:50:29 [0] INFO root a = 6.85270E-05
19.04.2012 11:50:29 [0] INFO root activities.file = ../../MRSA Inputs/subsets/60615/60615_activities.csv
19.04.2012 11:50:29 [0] INFO root b = 2.84505E-04
19.04.2012 11:50:29 [0] INFO root c = 2.37945E-03
19.04.2012 11:50:29 [0] INFO root d = 2.67532E-02
19.04.2012 11:50:29 [0] INFO root date_time.run = 19.04.2012 11:49:52
19.04.2012 11:50:29 [0] INFO root e = 5.83117E-05
19.04.2012 11:50:29 [0] INFO root faster.response.scaling.factor = 2.0
19.04.2012 11:50:29 [0] INFO root grid.buffer = 2
19.04.2012 11:50:29 [0] INFO root initial.colonization.fraction = 0.03
19.04.2012 11:50:29 [0] INFO root initial.infected.count = 17;
19.04.2012 11:50:29 [0] INFO root max.x = 99
19.04.2012 11:50:29 [0] INFO root max.y = 99
19.04.2012 11:50:29 [0] INFO root min.x = -100
19.04.2012 11:50:29 [0] INFO root min.y = -100
19.04.2012 11:50:29 [0] INFO root minimum.infection.period = 7
19.04.2012 11:50:29 [0] INFO root persons.file = ../../MRSA Inputs/subsets/60615/60615_people.csv
19.04.2012 11:50:29 [0] INFO root places.file = ../../MRSA Inputs/subsets/60615/60615_places.csv
19.04.2012 11:50:29 [0] INFO root proc.per.x = 1
19.04.2012 11:50:29 [0] INFO root proc.per.y = 1
19.04.2012 11:50:29 [0] INFO root process.count = 1
19.04.2012 11:50:29 [0] INFO root run.time = 36.9662
19.04.2012 11:50:29 [0] INFO root stop.at = 720
19.04.2012 11:50:29 [0] INFO root transition.rule = detailed place
